running egg_info
creating ../../build/camera_preprocess/camera_preprocess.egg-info
writing ../../build/camera_preprocess/camera_preprocess.egg-info/PKG-INFO
writing dependency_links to ../../build/camera_preprocess/camera_preprocess.egg-info/dependency_links.txt
writing entry points to ../../build/camera_preprocess/camera_preprocess.egg-info/entry_points.txt
writing requirements to ../../build/camera_preprocess/camera_preprocess.egg-info/requires.txt
writing top-level names to ../../build/camera_preprocess/camera_preprocess.egg-info/top_level.txt
writing manifest file '../../build/camera_preprocess/camera_preprocess.egg-info/SOURCES.txt'
reading manifest file '../../build/camera_preprocess/camera_preprocess.egg-info/SOURCES.txt'
writing manifest file '../../build/camera_preprocess/camera_preprocess.egg-info/SOURCES.txt'
running build
running build_py
creating /home/arshia/auv_tac/build/camera_preprocess/build
creating /home/arshia/auv_tac/build/camera_preprocess/build/lib
creating /home/arshia/auv_tac/build/camera_preprocess/build/lib/camera_preprocess
copying camera_preprocess/__init__.py -> /home/arshia/auv_tac/build/camera_preprocess/build/lib/camera_preprocess
copying camera_preprocess/camera_preprocess.py -> /home/arshia/auv_tac/build/camera_preprocess/build/lib/camera_preprocess
running install
running install_lib
creating /home/arshia/auv_tac/install/camera_preprocess/lib/python3.10/site-packages/camera_preprocess
copying /home/arshia/auv_tac/build/camera_preprocess/build/lib/camera_preprocess/__init__.py -> /home/arshia/auv_tac/install/camera_preprocess/lib/python3.10/site-packages/camera_preprocess
copying /home/arshia/auv_tac/build/camera_preprocess/build/lib/camera_preprocess/camera_preprocess.py -> /home/arshia/auv_tac/install/camera_preprocess/lib/python3.10/site-packages/camera_preprocess
byte-compiling /home/arshia/auv_tac/install/camera_preprocess/lib/python3.10/site-packages/camera_preprocess/__init__.py to __init__.cpython-310.pyc
byte-compiling /home/arshia/auv_tac/install/camera_preprocess/lib/python3.10/site-packages/camera_preprocess/camera_preprocess.py to camera_preprocess.cpython-310.pyc
running install_data
creating /home/arshia/auv_tac/install/camera_preprocess/share/ament_index
creating /home/arshia/auv_tac/install/camera_preprocess/share/ament_index/resource_index
creating /home/arshia/auv_tac/install/camera_preprocess/share/ament_index/resource_index/packages
copying resource/camera_preprocess -> /home/arshia/auv_tac/install/camera_preprocess/share/ament_index/resource_index/packages
copying package.xml -> /home/arshia/auv_tac/install/camera_preprocess/share/camera_preprocess
running install_egg_info
Copying ../../build/camera_preprocess/camera_preprocess.egg-info to /home/arshia/auv_tac/install/camera_preprocess/lib/python3.10/site-packages/camera_preprocess-0.0.0-py3.10.egg-info
running install_scripts
writing list of installed files to '/home/arshia/auv_tac/build/camera_preprocess/install.log'
