[2.577s] Invoking command in '/home/arshia/auv_tac/src/tac_launch': PYTHONPATH=/home/arshia/auv_tac/build/tac_launch/prefix_override:/usr/lib/python3/dist-packages/colcon_core/task/python/colcon_distutils_commands:/home/arshia/auv_tac/install/tac_launch/lib/python3.10/site-packages:${PYTHONPATH} /usr/bin/python3 -W ignore:setup.py install is deprecated -W ignore:easy_install command is deprecated setup.py egg_info --egg-base ../../build/tac_launch build --build-base /home/arshia/auv_tac/build/tac_launch/build install --record /home/arshia/auv_tac/build/tac_launch/install.log --single-version-externally-managed install_data
[3.126s] running egg_info
[3.127s] writing ../../build/tac_launch/tac_launch.egg-info/PKG-INFO
[3.127s] writing dependency_links to ../../build/tac_launch/tac_launch.egg-info/dependency_links.txt
[3.128s] writing entry points to ../../build/tac_launch/tac_launch.egg-info/entry_points.txt
[3.128s] writing requirements to ../../build/tac_launch/tac_launch.egg-info/requires.txt
[3.128s] writing top-level names to ../../build/tac_launch/tac_launch.egg-info/top_level.txt
[3.131s] reading manifest file '../../build/tac_launch/tac_launch.egg-info/SOURCES.txt'
[3.133s] writing manifest file '../../build/tac_launch/tac_launch.egg-info/SOURCES.txt'
[3.133s] running build
[3.133s] running build_py
[3.134s] running install
[3.134s] running install_lib
[3.137s] running install_data
[3.137s] running install_egg_info
[3.140s] removing '/home/arshia/auv_tac/install/tac_launch/lib/python3.10/site-packages/tac_launch-0.0.0-py3.10.egg-info' (and everything under it)
[3.141s] Copying ../../build/tac_launch/tac_launch.egg-info to /home/arshia/auv_tac/install/tac_launch/lib/python3.10/site-packages/tac_launch-0.0.0-py3.10.egg-info
[3.143s] running install_scripts
[3.186s] writing list of installed files to '/home/arshia/auv_tac/build/tac_launch/install.log'
[3.260s] Invoked command in '/home/arshia/auv_tac/src/tac_launch' returned '0': PYTHONPATH=/home/arshia/auv_tac/build/tac_launch/prefix_override:/usr/lib/python3/dist-packages/colcon_core/task/python/colcon_distutils_commands:/home/arshia/auv_tac/install/tac_launch/lib/python3.10/site-packages:${PYTHONPATH} /usr/bin/python3 -W ignore:setup.py install is deprecated -W ignore:easy_install command is deprecated setup.py egg_info --egg-base ../../build/tac_launch build --build-base /home/arshia/auv_tac/build/tac_launch/build install --record /home/arshia/auv_tac/build/tac_launch/install.log --single-version-externally-managed install_data
