[1.161s] Invoking command in '/home/arshia/auv_tac/build/tac_launch': CMAKE_PREFIX_PATH=${CMAKE_PREFIX_PATH}:/home/arshia/auv_tac/install/camera_preprocess:/opt/ros/humble /usr/bin/cmake --build /home/arshia/auv_tac/build/tac_launch -- -j12 -l12
[1.244s] Invoked command in '/home/arshia/auv_tac/build/tac_launch' returned '0': CMAKE_PREFIX_PATH=${CMAKE_PREFIX_PATH}:/home/arshia/auv_tac/install/camera_preprocess:/opt/ros/humble /usr/bin/cmake --build /home/arshia/auv_tac/build/tac_launch -- -j12 -l12
[1.267s] Invoking command in '/home/arshia/auv_tac/build/tac_launch': CMAKE_PREFIX_PATH=${CMAKE_PREFIX_PATH}:/home/arshia/auv_tac/install/camera_preprocess:/opt/ros/humble /usr/bin/cmake --install /home/arshia/auv_tac/build/tac_launch
[1.283s] -- Install configuration: ""
[1.283s] -- Up-to-date: /home/arshia/auv_tac/install/tac_launch/share/ament_index/resource_index/package_run_dependencies/tac_launch
[1.284s] -- Up-to-date: /home/arshia/auv_tac/install/tac_launch/share/ament_index/resource_index/parent_prefix_path/tac_launch
[1.284s] -- Up-to-date: /home/arshia/auv_tac/install/tac_launch/share/tac_launch/environment/ament_prefix_path.sh
[1.284s] -- Up-to-date: /home/arshia/auv_tac/install/tac_launch/share/tac_launch/environment/ament_prefix_path.dsv
[1.284s] -- Up-to-date: /home/arshia/auv_tac/install/tac_launch/share/tac_launch/environment/path.sh
[1.284s] -- Up-to-date: /home/arshia/auv_tac/install/tac_launch/share/tac_launch/environment/path.dsv
[1.284s] -- Up-to-date: /home/arshia/auv_tac/install/tac_launch/share/tac_launch/local_setup.bash
[1.284s] -- Up-to-date: /home/arshia/auv_tac/install/tac_launch/share/tac_launch/local_setup.sh
[1.285s] -- Up-to-date: /home/arshia/auv_tac/install/tac_launch/share/tac_launch/local_setup.zsh
[1.285s] -- Up-to-date: /home/arshia/auv_tac/install/tac_launch/share/tac_launch/local_setup.dsv
[1.285s] -- Up-to-date: /home/arshia/auv_tac/install/tac_launch/share/tac_launch/package.dsv
[1.285s] -- Up-to-date: /home/arshia/auv_tac/install/tac_launch/share/ament_index/resource_index/packages/tac_launch
[1.285s] -- Up-to-date: /home/arshia/auv_tac/install/tac_launch/share/tac_launch/cmake/tac_launchConfig.cmake
[1.285s] -- Up-to-date: /home/arshia/auv_tac/install/tac_launch/share/tac_launch/cmake/tac_launchConfig-version.cmake
[1.285s] -- Up-to-date: /home/arshia/auv_tac/install/tac_launch/share/tac_launch/package.xml
[1.289s] Invoked command in '/home/arshia/auv_tac/build/tac_launch' returned '0': CMAKE_PREFIX_PATH=${CMAKE_PREFIX_PATH}:/home/arshia/auv_tac/install/camera_preprocess:/opt/ros/humble /usr/bin/cmake --install /home/arshia/auv_tac/build/tac_launch
