[0.860s] Invoking command in '/home/arshia/auv_tac/src/tac_launch': PYTHONPATH=/home/arshia/auv_tac/build/tac_launch/prefix_override:/usr/lib/python3/dist-packages/colcon_core/task/python/colcon_distutils_commands:/home/arshia/auv_tac/install/tac_launch/lib/python3.10/site-packages:${PYTHONPATH} /usr/bin/python3 -W ignore:setup.py install is deprecated -W ignore:easy_install command is deprecated setup.py egg_info --egg-base ../../build/tac_launch build --build-base /home/arshia/auv_tac/build/tac_launch/build install --record /home/arshia/auv_tac/build/tac_launch/install.log --single-version-externally-managed install_data
[1.045s] running egg_info
[1.045s] writing ../../build/tac_launch/tac_launch.egg-info/PKG-INFO
[1.045s] writing dependency_links to ../../build/tac_launch/tac_launch.egg-info/dependency_links.txt
[1.045s] writing entry points to ../../build/tac_launch/tac_launch.egg-info/entry_points.txt
[1.046s] writing requirements to ../../build/tac_launch/tac_launch.egg-info/requires.txt
[1.046s] writing top-level names to ../../build/tac_launch/tac_launch.egg-info/top_level.txt
[1.047s] reading manifest file '../../build/tac_launch/tac_launch.egg-info/SOURCES.txt'
[1.048s] writing manifest file '../../build/tac_launch/tac_launch.egg-info/SOURCES.txt'
[1.048s] running build
[1.048s] running build_py
[1.048s] copying tac_launch/aruco.launch.py -> /home/arshia/auv_tac/build/tac_launch/build/lib/tac_launch
[1.048s] running install
[1.050s] running install_lib
[1.050s] copying /home/arshia/auv_tac/build/tac_launch/build/lib/tac_launch/aruco.launch.py -> /home/arshia/auv_tac/install/tac_launch/lib/python3.10/site-packages/tac_launch
[1.050s] byte-compiling /home/arshia/auv_tac/install/tac_launch/lib/python3.10/site-packages/tac_launch/aruco.launch.py to aruco.launch.cpython-310.pyc
[1.050s] running install_data
[1.051s] running install_egg_info
[1.051s] removing '/home/arshia/auv_tac/install/tac_launch/lib/python3.10/site-packages/tac_launch-0.0.0-py3.10.egg-info' (and everything under it)
[1.052s] Copying ../../build/tac_launch/tac_launch.egg-info to /home/arshia/auv_tac/install/tac_launch/lib/python3.10/site-packages/tac_launch-0.0.0-py3.10.egg-info
[1.052s] running install_scripts
[1.068s] writing list of installed files to '/home/arshia/auv_tac/build/tac_launch/install.log'
[1.105s] Invoked command in '/home/arshia/auv_tac/src/tac_launch' returned '0': PYTHONPATH=/home/arshia/auv_tac/build/tac_launch/prefix_override:/usr/lib/python3/dist-packages/colcon_core/task/python/colcon_distutils_commands:/home/arshia/auv_tac/install/tac_launch/lib/python3.10/site-packages:${PYTHONPATH} /usr/bin/python3 -W ignore:setup.py install is deprecated -W ignore:easy_install command is deprecated setup.py egg_info --egg-base ../../build/tac_launch build --build-base /home/arshia/auv_tac/build/tac_launch/build install --record /home/arshia/auv_tac/build/tac_launch/install.log --single-version-externally-managed install_data
