running egg_info
creating ../../build/aruco_scan/aruco_scan.egg-info
writing ../../build/aruco_scan/aruco_scan.egg-info/PKG-INFO
writing dependency_links to ../../build/aruco_scan/aruco_scan.egg-info/dependency_links.txt
writing entry points to ../../build/aruco_scan/aruco_scan.egg-info/entry_points.txt
writing requirements to ../../build/aruco_scan/aruco_scan.egg-info/requires.txt
writing top-level names to ../../build/aruco_scan/aruco_scan.egg-info/top_level.txt
writing manifest file '../../build/aruco_scan/aruco_scan.egg-info/SOURCES.txt'
reading manifest file '../../build/aruco_scan/aruco_scan.egg-info/SOURCES.txt'
writing manifest file '../../build/aruco_scan/aruco_scan.egg-info/SOURCES.txt'
running build
running build_py
creating /home/arshia/auv_tac/build/aruco_scan/build
creating /home/arshia/auv_tac/build/aruco_scan/build/lib
creating /home/arshia/auv_tac/build/aruco_scan/build/lib/aruco_scan
copying aruco_scan/aruco_scan.py -> /home/arshia/auv_tac/build/aruco_scan/build/lib/aruco_scan
copying aruco_scan/__init__.py -> /home/arshia/auv_tac/build/aruco_scan/build/lib/aruco_scan
running install
running install_lib
creating /home/arshia/auv_tac/install/aruco_scan/lib/python3.10/site-packages/aruco_scan
copying /home/arshia/auv_tac/build/aruco_scan/build/lib/aruco_scan/aruco_scan.py -> /home/arshia/auv_tac/install/aruco_scan/lib/python3.10/site-packages/aruco_scan
copying /home/arshia/auv_tac/build/aruco_scan/build/lib/aruco_scan/__init__.py -> /home/arshia/auv_tac/install/aruco_scan/lib/python3.10/site-packages/aruco_scan
byte-compiling /home/arshia/auv_tac/install/aruco_scan/lib/python3.10/site-packages/aruco_scan/aruco_scan.py to aruco_scan.cpython-310.pyc
byte-compiling /home/arshia/auv_tac/install/aruco_scan/lib/python3.10/site-packages/aruco_scan/__init__.py to __init__.cpython-310.pyc
running install_data
copying resource/aruco_scan -> /home/arshia/auv_tac/install/aruco_scan/share/ament_index/resource_index/packages
copying package.xml -> /home/arshia/auv_tac/install/aruco_scan/share/aruco_scan
running install_egg_info
Copying ../../build/aruco_scan/aruco_scan.egg-info to /home/arshia/auv_tac/install/aruco_scan/lib/python3.10/site-packages/aruco_scan-0.0.0-py3.10.egg-info
running install_scripts
Installing aruco_scan script to /home/arshia/auv_tac/install/aruco_scan/lib/aruco_scan
writing list of installed files to '/home/arshia/auv_tac/build/aruco_scan/install.log'
