[1.398s] Invoking command in '/home/arshia/auv_tac/src/aruco_scan': PYTHONPATH=/home/arshia/auv_tac/build/aruco_scan/prefix_override:/usr/lib/python3/dist-packages/colcon_core/task/python/colcon_distutils_commands:/home/arshia/auv_tac/install/aruco_scan/lib/python3.10/site-packages:${PYTHONPATH} /usr/bin/python3 -W ignore:setup.py install is deprecated -W ignore:easy_install command is deprecated setup.py egg_info --egg-base ../../build/aruco_scan build --build-base /home/arshia/auv_tac/build/aruco_scan/build install --record /home/arshia/auv_tac/build/aruco_scan/install.log --single-version-externally-managed install_data
[1.915s] running egg_info
[1.916s] creating ../../build/aruco_scan/aruco_scan.egg-info
[1.917s] writing ../../build/aruco_scan/aruco_scan.egg-info/PKG-INFO
[1.917s] writing dependency_links to ../../build/aruco_scan/aruco_scan.egg-info/dependency_links.txt
[1.917s] writing entry points to ../../build/aruco_scan/aruco_scan.egg-info/entry_points.txt
[1.918s] writing requirements to ../../build/aruco_scan/aruco_scan.egg-info/requires.txt
[1.918s] writing top-level names to ../../build/aruco_scan/aruco_scan.egg-info/top_level.txt
[1.918s] writing manifest file '../../build/aruco_scan/aruco_scan.egg-info/SOURCES.txt'
[1.921s] reading manifest file '../../build/aruco_scan/aruco_scan.egg-info/SOURCES.txt'
[1.923s] writing manifest file '../../build/aruco_scan/aruco_scan.egg-info/SOURCES.txt'
[1.923s] running build
[1.923s] running build_py
[1.924s] creating /home/arshia/auv_tac/build/aruco_scan/build
[1.924s] creating /home/arshia/auv_tac/build/aruco_scan/build/lib
[1.924s] creating /home/arshia/auv_tac/build/aruco_scan/build/lib/aruco_scan
[1.924s] copying aruco_scan/aruco_scan.py -> /home/arshia/auv_tac/build/aruco_scan/build/lib/aruco_scan
[1.924s] copying aruco_scan/__init__.py -> /home/arshia/auv_tac/build/aruco_scan/build/lib/aruco_scan
[1.924s] running install
[1.925s] running install_lib
[1.928s] creating /home/arshia/auv_tac/install/aruco_scan/lib/python3.10/site-packages/aruco_scan
[1.928s] copying /home/arshia/auv_tac/build/aruco_scan/build/lib/aruco_scan/aruco_scan.py -> /home/arshia/auv_tac/install/aruco_scan/lib/python3.10/site-packages/aruco_scan
[1.928s] copying /home/arshia/auv_tac/build/aruco_scan/build/lib/aruco_scan/__init__.py -> /home/arshia/auv_tac/install/aruco_scan/lib/python3.10/site-packages/aruco_scan
[1.929s] byte-compiling /home/arshia/auv_tac/install/aruco_scan/lib/python3.10/site-packages/aruco_scan/aruco_scan.py to aruco_scan.cpython-310.pyc
[1.931s] byte-compiling /home/arshia/auv_tac/install/aruco_scan/lib/python3.10/site-packages/aruco_scan/__init__.py to __init__.cpython-310.pyc
[1.931s] running install_data
[1.931s] copying resource/aruco_scan -> /home/arshia/auv_tac/install/aruco_scan/share/ament_index/resource_index/packages
[1.932s] copying package.xml -> /home/arshia/auv_tac/install/aruco_scan/share/aruco_scan
[1.932s] running install_egg_info
[1.936s] Copying ../../build/aruco_scan/aruco_scan.egg-info to /home/arshia/auv_tac/install/aruco_scan/lib/python3.10/site-packages/aruco_scan-0.0.0-py3.10.egg-info
[1.938s] running install_scripts
[1.979s] Installing aruco_scan script to /home/arshia/auv_tac/install/aruco_scan/lib/aruco_scan
[1.979s] writing list of installed files to '/home/arshia/auv_tac/build/aruco_scan/install.log'
[2.022s] Invoked command in '/home/arshia/auv_tac/src/aruco_scan' returned '0': PYTHONPATH=/home/arshia/auv_tac/build/aruco_scan/prefix_override:/usr/lib/python3/dist-packages/colcon_core/task/python/colcon_distutils_commands:/home/arshia/auv_tac/install/aruco_scan/lib/python3.10/site-packages:${PYTHONPATH} /usr/bin/python3 -W ignore:setup.py install is deprecated -W ignore:easy_install command is deprecated setup.py egg_info --egg-base ../../build/aruco_scan build --build-base /home/arshia/auv_tac/build/aruco_scan/build install --record /home/arshia/auv_tac/build/aruco_scan/install.log --single-version-externally-managed install_data
