[0.866s] Invoking command in '/home/arshia/auv_tac/src/camera_preprocess': PYTHONPATH=/home/arshia/auv_tac/build/camera_preprocess/prefix_override:/usr/lib/python3/dist-packages/colcon_core/task/python/colcon_distutils_commands:/home/arshia/auv_tac/install/camera_preprocess/lib/python3.10/site-packages:${PYTHONPATH} /usr/bin/python3 -W ignore:setup.py install is deprecated -W ignore:easy_install command is deprecated setup.py egg_info --egg-base ../../build/camera_preprocess build --build-base /home/arshia/auv_tac/build/camera_preprocess/build install --record /home/arshia/auv_tac/build/camera_preprocess/install.log --single-version-externally-managed install_data
[1.060s] running egg_info
[1.060s] writing ../../build/camera_preprocess/camera_preprocess.egg-info/PKG-INFO
[1.061s] writing dependency_links to ../../build/camera_preprocess/camera_preprocess.egg-info/dependency_links.txt
[1.061s] writing entry points to ../../build/camera_preprocess/camera_preprocess.egg-info/entry_points.txt
[1.061s] writing requirements to ../../build/camera_preprocess/camera_preprocess.egg-info/requires.txt
[1.061s] writing top-level names to ../../build/camera_preprocess/camera_preprocess.egg-info/top_level.txt
[1.062s] reading manifest file '../../build/camera_preprocess/camera_preprocess.egg-info/SOURCES.txt'
[1.063s] writing manifest file '../../build/camera_preprocess/camera_preprocess.egg-info/SOURCES.txt'
[1.063s] running build
[1.063s] running build_py
[1.063s] running install
[1.063s] running install_lib
[1.064s] running install_data
[1.064s] running install_egg_info
[1.066s] removing '/home/arshia/auv_tac/install/camera_preprocess/lib/python3.10/site-packages/camera_preprocess-0.0.0-py3.10.egg-info' (and everything under it)
[1.066s] Copying ../../build/camera_preprocess/camera_preprocess.egg-info to /home/arshia/auv_tac/install/camera_preprocess/lib/python3.10/site-packages/camera_preprocess-0.0.0-py3.10.egg-info
[1.066s] running install_scripts
[1.082s] Installing preprocess_node script to /home/arshia/auv_tac/install/camera_preprocess/lib/camera_preprocess
[1.082s] writing list of installed files to '/home/arshia/auv_tac/build/camera_preprocess/install.log'
[1.120s] Invoked command in '/home/arshia/auv_tac/src/camera_preprocess' returned '0': PYTHONPATH=/home/arshia/auv_tac/build/camera_preprocess/prefix_override:/usr/lib/python3/dist-packages/colcon_core/task/python/colcon_distutils_commands:/home/arshia/auv_tac/install/camera_preprocess/lib/python3.10/site-packages:${PYTHONPATH} /usr/bin/python3 -W ignore:setup.py install is deprecated -W ignore:easy_install command is deprecated setup.py egg_info --egg-base ../../build/camera_preprocess build --build-base /home/arshia/auv_tac/build/camera_preprocess/build install --record /home/arshia/auv_tac/build/camera_preprocess/install.log --single-version-externally-managed install_data
