[0.379s] Invoking command in '/home/arshia/auv_tac/build/tac_launch': CMAKE_PREFIX_PATH=${CMAKE_PREFIX_PATH}:/home/arshia/auv_tac/install/camera_preprocess:/opt/ros/humble /usr/bin/cmake --build /home/arshia/auv_tac/build/tac_launch -- -j12 -l12
[0.413s] Invoked command in '/home/arshia/auv_tac/build/tac_launch' returned '0': CMAKE_PREFIX_PATH=${CMAKE_PREFIX_PATH}:/home/arshia/auv_tac/install/camera_preprocess:/opt/ros/humble /usr/bin/cmake --build /home/arshia/auv_tac/build/tac_launch -- -j12 -l12
[0.422s] Invoking command in '/home/arshia/auv_tac/build/tac_launch': CMAKE_PREFIX_PATH=${CMAKE_PREFIX_PATH}:/home/arshia/auv_tac/install/camera_preprocess:/opt/ros/humble /usr/bin/cmake --install /home/arshia/auv_tac/build/tac_launch
[0.430s] -- Install configuration: ""
[0.430s] -- Up-to-date: /home/arshia/auv_tac/install/tac_launch/share/ament_index/resource_index/package_run_dependencies/tac_launch
[0.430s] -- Up-to-date: /home/arshia/auv_tac/install/tac_launch/share/ament_index/resource_index/parent_prefix_path/tac_launch
[0.430s] -- Up-to-date: /home/arshia/auv_tac/install/tac_launch/share/tac_launch/environment/ament_prefix_path.sh
[0.430s] -- Up-to-date: /home/arshia/auv_tac/install/tac_launch/share/tac_launch/environment/ament_prefix_path.dsv
[0.430s] -- Up-to-date: /home/arshia/auv_tac/install/tac_launch/share/tac_launch/environment/path.sh
[0.430s] -- Up-to-date: /home/arshia/auv_tac/install/tac_launch/share/tac_launch/environment/path.dsv
[0.430s] -- Up-to-date: /home/arshia/auv_tac/install/tac_launch/share/tac_launch/local_setup.bash
[0.430s] -- Up-to-date: /home/arshia/auv_tac/install/tac_launch/share/tac_launch/local_setup.sh
[0.430s] -- Up-to-date: /home/arshia/auv_tac/install/tac_launch/share/tac_launch/local_setup.zsh
[0.430s] -- Up-to-date: /home/arshia/auv_tac/install/tac_launch/share/tac_launch/local_setup.dsv
[0.430s] -- Installing: /home/arshia/auv_tac/install/tac_launch/share/tac_launch/package.dsv
[0.430s] -- Up-to-date: /home/arshia/auv_tac/install/tac_launch/share/ament_index/resource_index/packages/tac_launch
[0.430s] -- Up-to-date: /home/arshia/auv_tac/install/tac_launch/share/tac_launch/cmake/tac_launchConfig.cmake
[0.430s] -- Up-to-date: /home/arshia/auv_tac/install/tac_launch/share/tac_launch/cmake/tac_launchConfig-version.cmake
[0.430s] -- Up-to-date: /home/arshia/auv_tac/install/tac_launch/share/tac_launch/package.xml
[0.432s] Invoked command in '/home/arshia/auv_tac/build/tac_launch' returned '0': CMAKE_PREFIX_PATH=${CMAKE_PREFIX_PATH}:/home/arshia/auv_tac/install/camera_preprocess:/opt/ros/humble /usr/bin/cmake --install /home/arshia/auv_tac/build/tac_launch
