[0.857s] Invoking command in '/home/arshia/auv_tac/src/aruco_scan': PYTHONPATH=/home/arshia/auv_tac/build/aruco_scan/prefix_override:/usr/lib/python3/dist-packages/colcon_core/task/python/colcon_distutils_commands:/home/arshia/auv_tac/install/aruco_scan/lib/python3.10/site-packages:${PYTHONPATH} /usr/bin/python3 -W ignore:setup.py install is deprecated -W ignore:easy_install command is deprecated setup.py egg_info --egg-base ../../build/aruco_scan build --build-base /home/arshia/auv_tac/build/aruco_scan/build install --record /home/arshia/auv_tac/build/aruco_scan/install.log --single-version-externally-managed install_data
[1.036s] running egg_info
[1.036s] writing ../../build/aruco_scan/aruco_scan.egg-info/PKG-INFO
[1.037s] writing dependency_links to ../../build/aruco_scan/aruco_scan.egg-info/dependency_links.txt
[1.037s] writing entry points to ../../build/aruco_scan/aruco_scan.egg-info/entry_points.txt
[1.037s] writing requirements to ../../build/aruco_scan/aruco_scan.egg-info/requires.txt
[1.037s] writing top-level names to ../../build/aruco_scan/aruco_scan.egg-info/top_level.txt
[1.038s] reading manifest file '../../build/aruco_scan/aruco_scan.egg-info/SOURCES.txt'
[1.038s] writing manifest file '../../build/aruco_scan/aruco_scan.egg-info/SOURCES.txt'
[1.038s] running build
[1.038s] running build_py
[1.039s] running install
[1.039s] running install_lib
[1.039s] running install_data
[1.040s] running install_egg_info
[1.041s] removing '/home/arshia/auv_tac/install/aruco_scan/lib/python3.10/site-packages/aruco_scan-0.0.0-py3.10.egg-info' (and everything under it)
[1.041s] Copying ../../build/aruco_scan/aruco_scan.egg-info to /home/arshia/auv_tac/install/aruco_scan/lib/python3.10/site-packages/aruco_scan-0.0.0-py3.10.egg-info
[1.042s] running install_scripts
[1.057s] Installing aruco_scan script to /home/arshia/auv_tac/install/aruco_scan/lib/aruco_scan
[1.057s] writing list of installed files to '/home/arshia/auv_tac/build/aruco_scan/install.log'
[1.099s] Invoked command in '/home/arshia/auv_tac/src/aruco_scan' returned '0': PYTHONPATH=/home/arshia/auv_tac/build/aruco_scan/prefix_override:/usr/lib/python3/dist-packages/colcon_core/task/python/colcon_distutils_commands:/home/arshia/auv_tac/install/aruco_scan/lib/python3.10/site-packages:${PYTHONPATH} /usr/bin/python3 -W ignore:setup.py install is deprecated -W ignore:easy_install command is deprecated setup.py egg_info --egg-base ../../build/aruco_scan build --build-base /home/arshia/auv_tac/build/aruco_scan/build install --record /home/arshia/auv_tac/build/aruco_scan/install.log --single-version-externally-managed install_data
