[2.497s] Invoking command in '/home/arshia/auv_tac/src/tac_launch': PYTHONPATH=/home/arshia/auv_tac/build/tac_launch/prefix_override:/usr/lib/python3/dist-packages/colcon_core/task/python/colcon_distutils_commands:/home/arshia/auv_tac/install/tac_launch/lib/python3.10/site-packages:${PYTHONPATH} /usr/bin/python3 -W ignore:setup.py install is deprecated -W ignore:easy_install command is deprecated setup.py egg_info --egg-base ../../build/tac_launch build --build-base /home/arshia/auv_tac/build/tac_launch/build install --record /home/arshia/auv_tac/build/tac_launch/install.log --single-version-externally-managed install_data
[3.040s] running egg_info
[3.042s] writing ../../build/tac_launch/tac_launch.egg-info/PKG-INFO
[3.042s] writing dependency_links to ../../build/tac_launch/tac_launch.egg-info/dependency_links.txt
[3.042s] writing entry points to ../../build/tac_launch/tac_launch.egg-info/entry_points.txt
[3.043s] writing requirements to ../../build/tac_launch/tac_launch.egg-info/requires.txt
[3.043s] writing top-level names to ../../build/tac_launch/tac_launch.egg-info/top_level.txt
[3.046s] reading manifest file '../../build/tac_launch/tac_launch.egg-info/SOURCES.txt'
[3.048s] writing manifest file '../../build/tac_launch/tac_launch.egg-info/SOURCES.txt'
[3.049s] running build
[3.049s] running build_py
[3.049s] running install
[3.050s] running install_lib
[3.052s] running install_data
[3.053s] running install_egg_info
[3.056s] removing '/home/arshia/auv_tac/install/tac_launch/lib/python3.10/site-packages/tac_launch-0.0.0-py3.10.egg-info' (and everything under it)
[3.057s] Copying ../../build/tac_launch/tac_launch.egg-info to /home/arshia/auv_tac/install/tac_launch/lib/python3.10/site-packages/tac_launch-0.0.0-py3.10.egg-info
[3.059s] running install_scripts
[3.102s] writing list of installed files to '/home/arshia/auv_tac/build/tac_launch/install.log'
[3.153s] Invoked command in '/home/arshia/auv_tac/src/tac_launch' returned '0': PYTHONPATH=/home/arshia/auv_tac/build/tac_launch/prefix_override:/usr/lib/python3/dist-packages/colcon_core/task/python/colcon_distutils_commands:/home/arshia/auv_tac/install/tac_launch/lib/python3.10/site-packages:${PYTHONPATH} /usr/bin/python3 -W ignore:setup.py install is deprecated -W ignore:easy_install command is deprecated setup.py egg_info --egg-base ../../build/tac_launch build --build-base /home/arshia/auv_tac/build/tac_launch/build install --record /home/arshia/auv_tac/build/tac_launch/install.log --single-version-externally-managed install_data
