[0.704s] Invoking command in '/home/arshia/auv_tac/src/aruco_scan': PYTHONPATH=/home/arshia/auv_tac/build/aruco_scan/prefix_override:/usr/lib/python3/dist-packages/colcon_core/task/python/colcon_distutils_commands:/home/arshia/auv_tac/install/aruco_scan/lib/python3.10/site-packages:${PYTHONPATH} /usr/bin/python3 -W ignore:setup.py install is deprecated -W ignore:easy_install command is deprecated setup.py egg_info --egg-base ../../build/aruco_scan build --build-base /home/arshia/auv_tac/build/aruco_scan/build install --record /home/arshia/auv_tac/build/aruco_scan/install.log --single-version-externally-managed install_data
[0.887s] running egg_info
[0.888s] writing ../../build/aruco_scan/aruco_scan.egg-info/PKG-INFO
[0.888s] writing dependency_links to ../../build/aruco_scan/aruco_scan.egg-info/dependency_links.txt
[0.888s] writing entry points to ../../build/aruco_scan/aruco_scan.egg-info/entry_points.txt
[0.888s] writing requirements to ../../build/aruco_scan/aruco_scan.egg-info/requires.txt
[0.888s] writing top-level names to ../../build/aruco_scan/aruco_scan.egg-info/top_level.txt
[0.889s] reading manifest file '../../build/aruco_scan/aruco_scan.egg-info/SOURCES.txt'
[0.890s] writing manifest file '../../build/aruco_scan/aruco_scan.egg-info/SOURCES.txt'
[0.890s] running build
[0.890s] running build_py
[0.890s] copying aruco_scan/aruco_scan.py -> /home/arshia/auv_tac/build/aruco_scan/build/lib/aruco_scan
[0.890s] running install
[0.890s] running install_lib
[0.891s] copying /home/arshia/auv_tac/build/aruco_scan/build/lib/aruco_scan/aruco_scan.py -> /home/arshia/auv_tac/install/aruco_scan/lib/python3.10/site-packages/aruco_scan
[0.891s] byte-compiling /home/arshia/auv_tac/install/aruco_scan/lib/python3.10/site-packages/aruco_scan/aruco_scan.py to aruco_scan.cpython-310.pyc
[0.892s] running install_data
[0.892s] running install_egg_info
[0.893s] removing '/home/arshia/auv_tac/install/aruco_scan/lib/python3.10/site-packages/aruco_scan-0.0.0-py3.10.egg-info' (and everything under it)
[0.893s] Copying ../../build/aruco_scan/aruco_scan.egg-info to /home/arshia/auv_tac/install/aruco_scan/lib/python3.10/site-packages/aruco_scan-0.0.0-py3.10.egg-info
[0.894s] running install_scripts
[0.909s] Installing aruco_scan script to /home/arshia/auv_tac/install/aruco_scan/lib/aruco_scan
[0.909s] writing list of installed files to '/home/arshia/auv_tac/build/aruco_scan/install.log'
[0.936s] Invoked command in '/home/arshia/auv_tac/src/aruco_scan' returned '0': PYTHONPATH=/home/arshia/auv_tac/build/aruco_scan/prefix_override:/usr/lib/python3/dist-packages/colcon_core/task/python/colcon_distutils_commands:/home/arshia/auv_tac/install/aruco_scan/lib/python3.10/site-packages:${PYTHONPATH} /usr/bin/python3 -W ignore:setup.py install is deprecated -W ignore:easy_install command is deprecated setup.py egg_info --egg-base ../../build/aruco_scan build --build-base /home/arshia/auv_tac/build/aruco_scan/build install --record /home/arshia/auv_tac/build/aruco_scan/install.log --single-version-externally-managed install_data
