[2.525s] Invoking command in '/home/arshia/auv_tac/src/camera_preprocess': PYTHONPATH=/home/arshia/auv_tac/build/camera_preprocess/prefix_override:/usr/lib/python3/dist-packages/colcon_core/task/python/colcon_distutils_commands:/home/arshia/auv_tac/install/camera_preprocess/lib/python3.10/site-packages:${PYTHONPATH} /usr/bin/python3 -W ignore:setup.py install is deprecated -W ignore:easy_install command is deprecated setup.py egg_info --egg-base ../../build/camera_preprocess build --build-base /home/arshia/auv_tac/build/camera_preprocess/build install --record /home/arshia/auv_tac/build/camera_preprocess/install.log --single-version-externally-managed install_data
[3.074s] running egg_info
[3.075s] writing ../../build/camera_preprocess/camera_preprocess.egg-info/PKG-INFO
[3.076s] writing dependency_links to ../../build/camera_preprocess/camera_preprocess.egg-info/dependency_links.txt
[3.076s] writing entry points to ../../build/camera_preprocess/camera_preprocess.egg-info/entry_points.txt
[3.076s] writing requirements to ../../build/camera_preprocess/camera_preprocess.egg-info/requires.txt
[3.076s] writing top-level names to ../../build/camera_preprocess/camera_preprocess.egg-info/top_level.txt
[3.080s] reading manifest file '../../build/camera_preprocess/camera_preprocess.egg-info/SOURCES.txt'
[3.081s] writing manifest file '../../build/camera_preprocess/camera_preprocess.egg-info/SOURCES.txt'
[3.082s] running build
[3.082s] running build_py
[3.082s] copying camera_preprocess/camera_preprocess.py -> /home/arshia/auv_tac/build/camera_preprocess/build/lib/camera_preprocess
[3.083s] running install
[3.083s] running install_lib
[3.085s] copying /home/arshia/auv_tac/build/camera_preprocess/build/lib/camera_preprocess/camera_preprocess.py -> /home/arshia/auv_tac/install/camera_preprocess/lib/python3.10/site-packages/camera_preprocess
[3.086s] byte-compiling /home/arshia/auv_tac/install/camera_preprocess/lib/python3.10/site-packages/camera_preprocess/camera_preprocess.py to camera_preprocess.cpython-310.pyc
[3.087s] running install_data
[3.088s] running install_egg_info
[3.091s] removing '/home/arshia/auv_tac/install/camera_preprocess/lib/python3.10/site-packages/camera_preprocess-0.0.0-py3.10.egg-info' (and everything under it)
[3.092s] Copying ../../build/camera_preprocess/camera_preprocess.egg-info to /home/arshia/auv_tac/install/camera_preprocess/lib/python3.10/site-packages/camera_preprocess-0.0.0-py3.10.egg-info
[3.094s] running install_scripts
[3.136s] Installing camera_preprocess script to /home/arshia/auv_tac/install/camera_preprocess/lib/camera_preprocess
[3.137s] writing list of installed files to '/home/arshia/auv_tac/build/camera_preprocess/install.log'
[3.202s] Invoked command in '/home/arshia/auv_tac/src/camera_preprocess' returned '0': PYTHONPATH=/home/arshia/auv_tac/build/camera_preprocess/prefix_override:/usr/lib/python3/dist-packages/colcon_core/task/python/colcon_distutils_commands:/home/arshia/auv_tac/install/camera_preprocess/lib/python3.10/site-packages:${PYTHONPATH} /usr/bin/python3 -W ignore:setup.py install is deprecated -W ignore:easy_install command is deprecated setup.py egg_info --egg-base ../../build/camera_preprocess build --build-base /home/arshia/auv_tac/build/camera_preprocess/build install --record /home/arshia/auv_tac/build/camera_preprocess/install.log --single-version-externally-managed install_data
