running egg_info
writing ../../build/aruco_scan/aruco_scan.egg-info/PKG-INFO
writing dependency_links to ../../build/aruco_scan/aruco_scan.egg-info/dependency_links.txt
writing entry points to ../../build/aruco_scan/aruco_scan.egg-info/entry_points.txt
writing requirements to ../../build/aruco_scan/aruco_scan.egg-info/requires.txt
writing top-level names to ../../build/aruco_scan/aruco_scan.egg-info/top_level.txt
reading manifest file '../../build/aruco_scan/aruco_scan.egg-info/SOURCES.txt'
writing manifest file '../../build/aruco_scan/aruco_scan.egg-info/SOURCES.txt'
running build
running build_py
copying aruco_scan/aruco_scan.py -> /home/arshia/auv_tac/build/aruco_scan/build/lib/aruco_scan
running install
running install_lib
copying /home/arshia/auv_tac/build/aruco_scan/build/lib/aruco_scan/aruco_scan.py -> /home/arshia/auv_tac/install/aruco_scan/lib/python3.10/site-packages/aruco_scan
byte-compiling /home/arshia/auv_tac/install/aruco_scan/lib/python3.10/site-packages/aruco_scan/aruco_scan.py to aruco_scan.cpython-310.pyc
running install_data
running install_egg_info
removing '/home/arshia/auv_tac/install/aruco_scan/lib/python3.10/site-packages/aruco_scan-0.0.0-py3.10.egg-info' (and everything under it)
Copying ../../build/aruco_scan/aruco_scan.egg-info to /home/arshia/auv_tac/install/aruco_scan/lib/python3.10/site-packages/aruco_scan-0.0.0-py3.10.egg-info
running install_scripts
Installing aruco_scan script to /home/arshia/auv_tac/install/aruco_scan/lib/aruco_scan
writing list of installed files to '/home/arshia/auv_tac/build/aruco_scan/install.log'
