[2.520s] Invoking command in '/home/arshia/auv_tac/src/tac_launch': PYTHONPATH=/home/arshia/auv_tac/build/tac_launch/prefix_override:/usr/lib/python3/dist-packages/colcon_core/task/python/colcon_distutils_commands:/home/arshia/auv_tac/install/tac_launch/lib/python3.10/site-packages:${PYTHONPATH} /usr/bin/python3 -W ignore:setup.py install is deprecated -W ignore:easy_install command is deprecated setup.py egg_info --egg-base ../../build/tac_launch build --build-base /home/arshia/auv_tac/build/tac_launch/build install --record /home/arshia/auv_tac/build/tac_launch/install.log --single-version-externally-managed install_data
[3.074s] running egg_info
[3.075s] writing ../../build/tac_launch/tac_launch.egg-info/PKG-INFO
[3.076s] writing dependency_links to ../../build/tac_launch/tac_launch.egg-info/dependency_links.txt
[3.076s] writing entry points to ../../build/tac_launch/tac_launch.egg-info/entry_points.txt
[3.076s] writing requirements to ../../build/tac_launch/tac_launch.egg-info/requires.txt
[3.076s] writing top-level names to ../../build/tac_launch/tac_launch.egg-info/top_level.txt
[3.080s] reading manifest file '../../build/tac_launch/tac_launch.egg-info/SOURCES.txt'
[3.081s] writing manifest file '../../build/tac_launch/tac_launch.egg-info/SOURCES.txt'
[3.082s] running build
[3.082s] running build_py
[3.082s] running install
[3.083s] running install_lib
[3.085s] running install_data
[3.086s] running install_egg_info
[3.089s] removing '/home/arshia/auv_tac/install/tac_launch/lib/python3.10/site-packages/tac_launch-0.0.0-py3.10.egg-info' (and everything under it)
[3.090s] Copying ../../build/tac_launch/tac_launch.egg-info to /home/arshia/auv_tac/install/tac_launch/lib/python3.10/site-packages/tac_launch-0.0.0-py3.10.egg-info
[3.092s] running install_scripts
[3.136s] writing list of installed files to '/home/arshia/auv_tac/build/tac_launch/install.log'
[3.202s] Invoked command in '/home/arshia/auv_tac/src/tac_launch' returned '0': PYTHONPATH=/home/arshia/auv_tac/build/tac_launch/prefix_override:/usr/lib/python3/dist-packages/colcon_core/task/python/colcon_distutils_commands:/home/arshia/auv_tac/install/tac_launch/lib/python3.10/site-packages:${PYTHONPATH} /usr/bin/python3 -W ignore:setup.py install is deprecated -W ignore:easy_install command is deprecated setup.py egg_info --egg-base ../../build/tac_launch build --build-base /home/arshia/auv_tac/build/tac_launch/build install --record /home/arshia/auv_tac/build/tac_launch/install.log --single-version-externally-managed install_data
