[0.026s] Invoking command in '/home/arshia/auv_tac/build/aruco_scan': CMAKE_PREFIX_PATH=/opt/ros/humble /usr/bin/cmake /home/arshia/auv_tac/src/aruco_scan -DCMAKE_INSTALL_PREFIX=/home/arshia/auv_tac/install/aruco_scan
[0.208s] -- The C compiler identification is GNU 11.4.0
[0.368s] -- The CXX compiler identification is GNU 11.4.0
[0.390s] -- Detecting C compiler ABI info
[0.543s] -- Detecting C compiler ABI info - done
[0.559s] -- Check for working C compiler: /usr/bin/cc - skipped
[0.561s] -- Detecting C compile features
[0.562s] -- Detecting C compile features - done
[0.570s] -- Detecting CXX compiler ABI info
[0.748s] -- Detecting CXX compiler ABI info - done
[0.764s] -- Check for working CXX compiler: /usr/bin/c++ - skipped
[0.764s] -- Detecting CXX compile features
[0.765s] -- Detecting CXX compile features - done
[0.778s] -- Found ament_cmake: 1.3.11 (/opt/ros/humble/share/ament_cmake/cmake)
[1.102s] -- Found Python3: /usr/bin/python3 (found version "3.10.12") found components: Interpreter 
[1.324s] -- Found ament_lint_auto: 0.12.11 (/opt/ros/humble/share/ament_lint_auto/cmake)
[1.503s] -- Added test 'flake8' to check Python code syntax and style conventions
[1.504s] -- Added test 'lint_cmake' to check CMake code style
[1.505s] -- Added test 'pep257' to check Python code against some of the docstring style conventions in PEP 257
[1.508s] -- Added test 'xmllint' to check XML markup files
[1.512s] -- Configuring done
[1.519s] -- Generating done
[1.523s] -- Build files have been written to: /home/arshia/auv_tac/build/aruco_scan
[1.532s] Invoked command in '/home/arshia/auv_tac/build/aruco_scan' returned '0': CMAKE_PREFIX_PATH=/opt/ros/humble /usr/bin/cmake /home/arshia/auv_tac/src/aruco_scan -DCMAKE_INSTALL_PREFIX=/home/arshia/auv_tac/install/aruco_scan
[1.536s] Invoking command in '/home/arshia/auv_tac/build/aruco_scan': CMAKE_PREFIX_PATH=/opt/ros/humble /usr/bin/cmake --build /home/arshia/auv_tac/build/aruco_scan -- -j12 -l12
[1.620s] Invoked command in '/home/arshia/auv_tac/build/aruco_scan' returned '0': CMAKE_PREFIX_PATH=/opt/ros/humble /usr/bin/cmake --build /home/arshia/auv_tac/build/aruco_scan -- -j12 -l12
[1.643s] Invoking command in '/home/arshia/auv_tac/build/aruco_scan': CMAKE_PREFIX_PATH=/opt/ros/humble /usr/bin/cmake --install /home/arshia/auv_tac/build/aruco_scan
[1.659s] -- Install configuration: ""
[1.659s] -- Installing: /home/arshia/auv_tac/install/aruco_scan/share/ament_index/resource_index/package_run_dependencies/aruco_scan
[1.660s] -- Installing: /home/arshia/auv_tac/install/aruco_scan/share/ament_index/resource_index/parent_prefix_path/aruco_scan
[1.661s] -- Installing: /home/arshia/auv_tac/install/aruco_scan/share/aruco_scan/environment/ament_prefix_path.sh
[1.661s] -- Installing: /home/arshia/auv_tac/install/aruco_scan/share/aruco_scan/environment/ament_prefix_path.dsv
[1.661s] -- Installing: /home/arshia/auv_tac/install/aruco_scan/share/aruco_scan/environment/path.sh
[1.662s] -- Installing: /home/arshia/auv_tac/install/aruco_scan/share/aruco_scan/environment/path.dsv
[1.662s] -- Installing: /home/arshia/auv_tac/install/aruco_scan/share/aruco_scan/local_setup.bash
[1.663s] -- Installing: /home/arshia/auv_tac/install/aruco_scan/share/aruco_scan/local_setup.sh
[1.663s] -- Installing: /home/arshia/auv_tac/install/aruco_scan/share/aruco_scan/local_setup.zsh
[1.664s] -- Installing: /home/arshia/auv_tac/install/aruco_scan/share/aruco_scan/local_setup.dsv
[1.664s] -- Installing: /home/arshia/auv_tac/install/aruco_scan/share/aruco_scan/package.dsv
[1.664s] -- Installing: /home/arshia/auv_tac/install/aruco_scan/share/ament_index/resource_index/packages/aruco_scan
[1.665s] -- Installing: /home/arshia/auv_tac/install/aruco_scan/share/aruco_scan/cmake/aruco_scanConfig.cmake
[1.665s] -- Installing: /home/arshia/auv_tac/install/aruco_scan/share/aruco_scan/cmake/aruco_scanConfig-version.cmake
[1.666s] -- Installing: /home/arshia/auv_tac/install/aruco_scan/share/aruco_scan/package.xml
[1.670s] Invoked command in '/home/arshia/auv_tac/build/aruco_scan' returned '0': CMAKE_PREFIX_PATH=/opt/ros/humble /usr/bin/cmake --install /home/arshia/auv_tac/build/aruco_scan
