running egg_info
creating ../../build/tac_launch/tac_launch.egg-info
writing ../../build/tac_launch/tac_launch.egg-info/PKG-INFO
writing dependency_links to ../../build/tac_launch/tac_launch.egg-info/dependency_links.txt
writing entry points to ../../build/tac_launch/tac_launch.egg-info/entry_points.txt
writing requirements to ../../build/tac_launch/tac_launch.egg-info/requires.txt
writing top-level names to ../../build/tac_launch/tac_launch.egg-info/top_level.txt
writing manifest file '../../build/tac_launch/tac_launch.egg-info/SOURCES.txt'
reading manifest file '../../build/tac_launch/tac_launch.egg-info/SOURCES.txt'
writing manifest file '../../build/tac_launch/tac_launch.egg-info/SOURCES.txt'
running build
running build_py
creating /home/arshia/auv_tac/build/tac_launch/build
creating /home/arshia/auv_tac/build/tac_launch/build/lib
creating /home/arshia/auv_tac/build/tac_launch/build/lib/tac_launch
copying tac_launch/__init__.py -> /home/arshia/auv_tac/build/tac_launch/build/lib/tac_launch
running install
running install_lib
creating /home/arshia/auv_tac/install/tac_launch/lib/python3.10/site-packages/tac_launch
copying /home/arshia/auv_tac/build/tac_launch/build/lib/tac_launch/__init__.py -> /home/arshia/auv_tac/install/tac_launch/lib/python3.10/site-packages/tac_launch
byte-compiling /home/arshia/auv_tac/install/tac_launch/lib/python3.10/site-packages/tac_launch/__init__.py to __init__.cpython-310.pyc
running install_data
copying resource/tac_launch -> /home/arshia/auv_tac/install/tac_launch/share/ament_index/resource_index/packages
copying package.xml -> /home/arshia/auv_tac/install/tac_launch/share/tac_launch
creating /home/arshia/auv_tac/install/tac_launch/share/tac_launch/launch
copying launch/aruco.launch.py -> /home/arshia/auv_tac/install/tac_launch/share/tac_launch/launch
running install_egg_info
Copying ../../build/tac_launch/tac_launch.egg-info to /home/arshia/auv_tac/install/tac_launch/lib/python3.10/site-packages/tac_launch-0.0.0-py3.10.egg-info
running install_scripts
writing list of installed files to '/home/arshia/auv_tac/build/tac_launch/install.log'
