[0.821s] Invoking command in '/home/arshia/auv_tac/src/tac_launch': PYTHONPATH=/home/arshia/auv_tac/build/tac_launch/prefix_override:/usr/lib/python3/dist-packages/colcon_core/task/python/colcon_distutils_commands:/home/arshia/auv_tac/install/tac_launch/lib/python3.10/site-packages:${PYTHONPATH} /usr/bin/python3 -W ignore:setup.py install is deprecated -W ignore:easy_install command is deprecated setup.py egg_info --egg-base ../../build/tac_launch build --build-base /home/arshia/auv_tac/build/tac_launch/build install --record /home/arshia/auv_tac/build/tac_launch/install.log --single-version-externally-managed install_data
[0.996s] running egg_info
[0.996s] creating ../../build/tac_launch/tac_launch.egg-info
[0.997s] writing ../../build/tac_launch/tac_launch.egg-info/PKG-INFO
[0.997s] writing dependency_links to ../../build/tac_launch/tac_launch.egg-info/dependency_links.txt
[0.997s] writing entry points to ../../build/tac_launch/tac_launch.egg-info/entry_points.txt
[0.997s] writing requirements to ../../build/tac_launch/tac_launch.egg-info/requires.txt
[0.997s] writing top-level names to ../../build/tac_launch/tac_launch.egg-info/top_level.txt
[0.997s] writing manifest file '../../build/tac_launch/tac_launch.egg-info/SOURCES.txt'
[0.998s] reading manifest file '../../build/tac_launch/tac_launch.egg-info/SOURCES.txt'
[0.998s] writing manifest file '../../build/tac_launch/tac_launch.egg-info/SOURCES.txt'
[0.999s] running build
[0.999s] running build_py
[0.999s] creating /home/arshia/auv_tac/build/tac_launch/build
[0.999s] creating /home/arshia/auv_tac/build/tac_launch/build/lib
[0.999s] creating /home/arshia/auv_tac/build/tac_launch/build/lib/tac_launch
[0.999s] copying tac_launch/__init__.py -> /home/arshia/auv_tac/build/tac_launch/build/lib/tac_launch
[0.999s] running install
[0.999s] running install_lib
[1.000s] creating /home/arshia/auv_tac/install/tac_launch/lib/python3.10/site-packages/tac_launch
[1.000s] copying /home/arshia/auv_tac/build/tac_launch/build/lib/tac_launch/__init__.py -> /home/arshia/auv_tac/install/tac_launch/lib/python3.10/site-packages/tac_launch
[1.000s] byte-compiling /home/arshia/auv_tac/install/tac_launch/lib/python3.10/site-packages/tac_launch/__init__.py to __init__.cpython-310.pyc
[1.000s] running install_data
[1.000s] copying resource/tac_launch -> /home/arshia/auv_tac/install/tac_launch/share/ament_index/resource_index/packages
[1.000s] copying package.xml -> /home/arshia/auv_tac/install/tac_launch/share/tac_launch
[1.000s] creating /home/arshia/auv_tac/install/tac_launch/share/tac_launch/launch
[1.000s] copying launch/aruco.launch.py -> /home/arshia/auv_tac/install/tac_launch/share/tac_launch/launch
[1.000s] running install_egg_info
[1.002s] Copying ../../build/tac_launch/tac_launch.egg-info to /home/arshia/auv_tac/install/tac_launch/lib/python3.10/site-packages/tac_launch-0.0.0-py3.10.egg-info
[1.002s] running install_scripts
[1.017s] writing list of installed files to '/home/arshia/auv_tac/build/tac_launch/install.log'
[1.053s] Invoked command in '/home/arshia/auv_tac/src/tac_launch' returned '0': PYTHONPATH=/home/arshia/auv_tac/build/tac_launch/prefix_override:/usr/lib/python3/dist-packages/colcon_core/task/python/colcon_distutils_commands:/home/arshia/auv_tac/install/tac_launch/lib/python3.10/site-packages:${PYTHONPATH} /usr/bin/python3 -W ignore:setup.py install is deprecated -W ignore:easy_install command is deprecated setup.py egg_info --egg-base ../../build/tac_launch build --build-base /home/arshia/auv_tac/build/tac_launch/build install --record /home/arshia/auv_tac/build/tac_launch/install.log --single-version-externally-managed install_data
