[2.617s] Invoking command in '/home/arshia/auv_tac/src/aruco_scan': PYTHONPATH=/home/arshia/auv_tac/build/aruco_scan/prefix_override:/usr/lib/python3/dist-packages/colcon_core/task/python/colcon_distutils_commands:/home/arshia/auv_tac/install/aruco_scan/lib/python3.10/site-packages:${PYTHONPATH} /usr/bin/python3 -W ignore:setup.py install is deprecated -W ignore:easy_install command is deprecated setup.py egg_info --egg-base ../../build/aruco_scan build --build-base /home/arshia/auv_tac/build/aruco_scan/build install --record /home/arshia/auv_tac/build/aruco_scan/install.log --single-version-externally-managed install_data
[3.168s] running egg_info
[3.169s] writing ../../build/aruco_scan/aruco_scan.egg-info/PKG-INFO
[3.169s] writing dependency_links to ../../build/aruco_scan/aruco_scan.egg-info/dependency_links.txt
[3.170s] writing entry points to ../../build/aruco_scan/aruco_scan.egg-info/entry_points.txt
[3.170s] writing requirements to ../../build/aruco_scan/aruco_scan.egg-info/requires.txt
[3.170s] writing top-level names to ../../build/aruco_scan/aruco_scan.egg-info/top_level.txt
[3.174s] reading manifest file '../../build/aruco_scan/aruco_scan.egg-info/SOURCES.txt'
[3.176s] writing manifest file '../../build/aruco_scan/aruco_scan.egg-info/SOURCES.txt'
[3.176s] running build
[3.176s] running build_py
[3.177s] copying aruco_scan/aruco_scan.py -> /home/arshia/auv_tac/build/aruco_scan/build/lib/aruco_scan
[3.177s] running install
[3.178s] running install_lib
[3.179s] copying /home/arshia/auv_tac/build/aruco_scan/build/lib/aruco_scan/aruco_scan.py -> /home/arshia/auv_tac/install/aruco_scan/lib/python3.10/site-packages/aruco_scan
[3.181s] byte-compiling /home/arshia/auv_tac/install/aruco_scan/lib/python3.10/site-packages/aruco_scan/aruco_scan.py to aruco_scan.cpython-310.pyc
[3.182s] running install_data
[3.183s] running install_egg_info
[3.186s] removing '/home/arshia/auv_tac/install/aruco_scan/lib/python3.10/site-packages/aruco_scan-0.0.0-py3.10.egg-info' (and everything under it)
[3.187s] Copying ../../build/aruco_scan/aruco_scan.egg-info to /home/arshia/auv_tac/install/aruco_scan/lib/python3.10/site-packages/aruco_scan-0.0.0-py3.10.egg-info
[3.189s] running install_scripts
[3.229s] Installing aruco_scan script to /home/arshia/auv_tac/install/aruco_scan/lib/aruco_scan
[3.230s] writing list of installed files to '/home/arshia/auv_tac/build/aruco_scan/install.log'
[3.278s] Invoked command in '/home/arshia/auv_tac/src/aruco_scan' returned '0': PYTHONPATH=/home/arshia/auv_tac/build/aruco_scan/prefix_override:/usr/lib/python3/dist-packages/colcon_core/task/python/colcon_distutils_commands:/home/arshia/auv_tac/install/aruco_scan/lib/python3.10/site-packages:${PYTHONPATH} /usr/bin/python3 -W ignore:setup.py install is deprecated -W ignore:easy_install command is deprecated setup.py egg_info --egg-base ../../build/aruco_scan build --build-base /home/arshia/auv_tac/build/aruco_scan/build install --record /home/arshia/auv_tac/build/aruco_scan/install.log --single-version-externally-managed install_data
