[0.373s] Invoking command in '/home/arshia/auv_tac/build/tac_launch': CMAKE_PREFIX_PATH=/opt/ros/humble /usr/bin/cmake /home/arshia/auv_tac/src/tac_launch -DCMAKE_INSTALL_PREFIX=/home/arshia/auv_tac/install/tac_launch
[0.428s] -- The C compiler identification is GNU 11.4.0
[0.476s] -- The CXX compiler identification is GNU 11.4.0
[0.485s] -- Detecting C compiler ABI info
[0.547s] -- Detecting C compiler ABI info - done
[0.552s] -- Check for working C compiler: /usr/bin/cc - skipped
[0.552s] -- Detecting C compile features
[0.552s] -- Detecting C compile features - done
[0.555s] -- Detecting CXX compiler ABI info
[0.623s] -- Detecting CXX compiler ABI info - done
[0.628s] -- Check for working CXX compiler: /usr/bin/c++ - skipped
[0.628s] -- Detecting CXX compile features
[0.628s] -- Detecting CXX compile features - done
[0.633s] -- Found ament_cmake: 1.3.14 (/opt/ros/humble/share/ament_cmake/cmake)
[0.751s] -- Found Python3: /usr/bin/python3 (found version "3.10.12") found components: Interpreter 
[0.828s] -- Found ament_lint_auto: 0.12.15 (/opt/ros/humble/share/ament_lint_auto/cmake)
[0.890s] -- Added test 'flake8' to check Python code syntax and style conventions
[0.891s] -- Added test 'lint_cmake' to check CMake code style
[0.891s] -- Added test 'pep257' to check Python code against some of the docstring style conventions in PEP 257
[0.892s] -- Added test 'xmllint' to check XML markup files
[0.893s] -- Configuring done
[0.895s] -- Generating done
[0.897s] -- Build files have been written to: /home/arshia/auv_tac/build/tac_launch
[0.901s] Invoked command in '/home/arshia/auv_tac/build/tac_launch' returned '0': CMAKE_PREFIX_PATH=/opt/ros/humble /usr/bin/cmake /home/arshia/auv_tac/src/tac_launch -DCMAKE_INSTALL_PREFIX=/home/arshia/auv_tac/install/tac_launch
[0.903s] Invoking command in '/home/arshia/auv_tac/build/tac_launch': CMAKE_PREFIX_PATH=/opt/ros/humble /usr/bin/cmake --build /home/arshia/auv_tac/build/tac_launch -- -j12 -l12
[0.941s] Invoked command in '/home/arshia/auv_tac/build/tac_launch' returned '0': CMAKE_PREFIX_PATH=/opt/ros/humble /usr/bin/cmake --build /home/arshia/auv_tac/build/tac_launch -- -j12 -l12
[0.949s] Invoking command in '/home/arshia/auv_tac/build/tac_launch': CMAKE_PREFIX_PATH=/opt/ros/humble /usr/bin/cmake --install /home/arshia/auv_tac/build/tac_launch
[0.955s] -- Install configuration: ""
[0.956s] -- Installing: /home/arshia/auv_tac/install/tac_launch/share/ament_index/resource_index/package_run_dependencies/tac_launch
[0.956s] -- Installing: /home/arshia/auv_tac/install/tac_launch/share/ament_index/resource_index/parent_prefix_path/tac_launch
[0.956s] -- Installing: /home/arshia/auv_tac/install/tac_launch/share/tac_launch/environment/ament_prefix_path.sh
[0.956s] -- Installing: /home/arshia/auv_tac/install/tac_launch/share/tac_launch/environment/ament_prefix_path.dsv
[0.956s] -- Installing: /home/arshia/auv_tac/install/tac_launch/share/tac_launch/environment/path.sh
[0.956s] -- Installing: /home/arshia/auv_tac/install/tac_launch/share/tac_launch/environment/path.dsv
[0.956s] -- Installing: /home/arshia/auv_tac/install/tac_launch/share/tac_launch/local_setup.bash
[0.956s] -- Installing: /home/arshia/auv_tac/install/tac_launch/share/tac_launch/local_setup.sh
[0.957s] -- Installing: /home/arshia/auv_tac/install/tac_launch/share/tac_launch/local_setup.zsh
[0.957s] -- Installing: /home/arshia/auv_tac/install/tac_launch/share/tac_launch/local_setup.dsv
[0.957s] -- Installing: /home/arshia/auv_tac/install/tac_launch/share/tac_launch/package.dsv
[0.957s] -- Installing: /home/arshia/auv_tac/install/tac_launch/share/ament_index/resource_index/packages/tac_launch
[0.957s] -- Installing: /home/arshia/auv_tac/install/tac_launch/share/tac_launch/cmake/tac_launchConfig.cmake
[0.957s] -- Installing: /home/arshia/auv_tac/install/tac_launch/share/tac_launch/cmake/tac_launchConfig-version.cmake
[0.957s] -- Installing: /home/arshia/auv_tac/install/tac_launch/share/tac_launch/package.xml
[0.959s] Invoked command in '/home/arshia/auv_tac/build/tac_launch' returned '0': CMAKE_PREFIX_PATH=/opt/ros/humble /usr/bin/cmake --install /home/arshia/auv_tac/build/tac_launch
