[1.919s] Invoking command in '/home/arshia/auv_tac/src/camera_preprocess': PYTHONPATH=/home/arshia/auv_tac/build/camera_preprocess/prefix_override:/usr/lib/python3/dist-packages/colcon_core/task/python/colcon_distutils_commands:/home/arshia/auv_tac/install/camera_preprocess/lib/python3.10/site-packages: /usr/bin/python3 -W ignore:setup.py install is deprecated -W ignore:easy_install command is deprecated setup.py egg_info --egg-base ../../build/camera_preprocess build --build-base /home/arshia/auv_tac/build/camera_preprocess/build install --record /home/arshia/auv_tac/build/camera_preprocess/install.log --single-version-externally-managed install_data
[2.317s] running egg_info
[2.318s] writing ../../build/camera_preprocess/camera_preprocess.egg-info/PKG-INFO
[2.319s] writing dependency_links to ../../build/camera_preprocess/camera_preprocess.egg-info/dependency_links.txt
[2.319s] writing entry points to ../../build/camera_preprocess/camera_preprocess.egg-info/entry_points.txt
[2.319s] writing requirements to ../../build/camera_preprocess/camera_preprocess.egg-info/requires.txt
[2.319s] writing top-level names to ../../build/camera_preprocess/camera_preprocess.egg-info/top_level.txt
[2.323s] reading manifest file '../../build/camera_preprocess/camera_preprocess.egg-info/SOURCES.txt'
[2.325s] writing manifest file '../../build/camera_preprocess/camera_preprocess.egg-info/SOURCES.txt'
[2.325s] running build
[2.325s] running build_py
[2.326s] running install
[2.326s] running install_lib
[2.328s] running install_data
[2.329s] running install_egg_info
[2.332s] removing '/home/arshia/auv_tac/install/camera_preprocess/lib/python3.10/site-packages/camera_preprocess-0.0.0-py3.10.egg-info' (and everything under it)
[2.333s] Copying ../../build/camera_preprocess/camera_preprocess.egg-info to /home/arshia/auv_tac/install/camera_preprocess/lib/python3.10/site-packages/camera_preprocess-0.0.0-py3.10.egg-info
[2.335s] running install_scripts
[2.377s] Installing camera_preprocess script to /home/arshia/auv_tac/install/camera_preprocess/lib/camera_preprocess
[2.377s] writing list of installed files to '/home/arshia/auv_tac/build/camera_preprocess/install.log'
[2.429s] Invoked command in '/home/arshia/auv_tac/src/camera_preprocess' returned '0': PYTHONPATH=/home/arshia/auv_tac/build/camera_preprocess/prefix_override:/usr/lib/python3/dist-packages/colcon_core/task/python/colcon_distutils_commands:/home/arshia/auv_tac/install/camera_preprocess/lib/python3.10/site-packages: /usr/bin/python3 -W ignore:setup.py install is deprecated -W ignore:easy_install command is deprecated setup.py egg_info --egg-base ../../build/camera_preprocess build --build-base /home/arshia/auv_tac/build/camera_preprocess/build install --record /home/arshia/auv_tac/build/camera_preprocess/install.log --single-version-externally-managed install_data
