[0.206s] DEBUG:colcon:Command line arguments: ['/usr/bin/colcon', 'build']
[0.207s] DEBUG:colcon:Parsed command line arguments: Namespace(log_base=None, log_level=None, verb_name='build', build_base='build', install_base='install', merge_install=False, symlink_install=False, test_result_base=None, continue_on_error=False, executor='parallel', parallel_workers=12, event_handlers=None, ignore_user_meta=False, metas=['./colcon.meta'], base_paths=['.'], packages_ignore=None, packages_ignore_regex=None, paths=None, packages_up_to=None, packages_up_to_regex=None, packages_above=None, packages_above_and_dependencies=None, packages_above_depth=None, packages_select_by_dep=None, packages_skip_by_dep=None, packages_skip_up_to=None, packages_select_build_failed=False, packages_skip_build_finished=False, packages_select_test_failures=False, packages_skip_test_passed=False, packages_select=None, packages_skip=None, packages_select_regex=None, packages_skip_regex=None, packages_start=None, packages_end=None, allow_overriding=[], cmake_args=None, cmake_target=None, cmake_target_skip_unavailable=False, cmake_clean_cache=False, cmake_clean_first=False, cmake_force_configure=False, ament_cmake_args=None, catkin_cmake_args=None, catkin_skip_building_tests=False, verb_parser=<colcon_defaults.argument_parser.defaults.DefaultArgumentsDecorator object at 0x7ef611c0f130>, verb_extension=<colcon_core.verb.build.BuildVerb object at 0x7ef611c0e830>, main=<bound method BuildVerb.main of <colcon_core.verb.build.BuildVerb object at 0x7ef611c0e830>>)
[0.484s] Level 1:colcon.colcon_core.package_discovery:discover_packages(colcon_meta) check parameters
[0.484s] Level 1:colcon.colcon_core.package_discovery:discover_packages(recursive) check parameters
[0.484s] Level 1:colcon.colcon_core.package_discovery:discover_packages(ignore) check parameters
[0.484s] Level 1:colcon.colcon_core.package_discovery:discover_packages(path) check parameters
[0.484s] Level 1:colcon.colcon_core.package_discovery:discover_packages(colcon_meta) discover
[0.484s] Level 1:colcon.colcon_core.package_discovery:discover_packages(recursive) discover
[0.485s] INFO:colcon.colcon_core.package_discovery:Crawling recursively for packages in '/home/arshia/auv_tac'
[0.485s] Level 1:colcon.colcon_core.package_identification:_identify(.) by extensions ['ignore', 'ignore_ament_install']
[0.485s] Level 1:colcon.colcon_core.package_identification:_identify(.) by extension 'ignore'
[0.485s] Level 1:colcon.colcon_core.package_identification:_identify(.) by extension 'ignore_ament_install'
[0.485s] Level 1:colcon.colcon_core.package_identification:_identify(.) by extensions ['colcon_pkg']
[0.485s] Level 1:colcon.colcon_core.package_identification:_identify(.) by extension 'colcon_pkg'
[0.485s] Level 1:colcon.colcon_core.package_identification:_identify(.) by extensions ['colcon_meta']
[0.485s] Level 1:colcon.colcon_core.package_identification:_identify(.) by extension 'colcon_meta'
[0.485s] Level 1:colcon.colcon_core.package_identification:_identify(.) by extensions ['ros']
[0.486s] Level 1:colcon.colcon_core.package_identification:_identify(.) by extension 'ros'
[0.509s] Level 1:colcon.colcon_core.package_identification:_identify(.) by extensions ['cmake', 'python']
[0.509s] Level 1:colcon.colcon_core.package_identification:_identify(.) by extension 'cmake'
[0.509s] Level 1:colcon.colcon_core.package_identification:_identify(.) by extension 'python'
[0.509s] Level 1:colcon.colcon_core.package_identification:_identify(.) by extensions ['python_setup_py']
[0.509s] Level 1:colcon.colcon_core.package_identification:_identify(.) by extension 'python_setup_py'
[0.509s] Level 1:colcon.colcon_core.package_identification:_identify(build) by extensions ['ignore', 'ignore_ament_install']
[0.509s] Level 1:colcon.colcon_core.package_identification:_identify(build) by extension 'ignore'
[0.510s] Level 1:colcon.colcon_core.package_identification:_identify(build) ignored
[0.510s] Level 1:colcon.colcon_core.package_identification:_identify(install) by extensions ['ignore', 'ignore_ament_install']
[0.510s] Level 1:colcon.colcon_core.package_identification:_identify(install) by extension 'ignore'
[0.510s] Level 1:colcon.colcon_core.package_identification:_identify(install) ignored
[0.510s] Level 1:colcon.colcon_core.package_identification:_identify(log) by extensions ['ignore', 'ignore_ament_install']
[0.511s] Level 1:colcon.colcon_core.package_identification:_identify(log) by extension 'ignore'
[0.511s] Level 1:colcon.colcon_core.package_identification:_identify(log) ignored
[0.511s] Level 1:colcon.colcon_core.package_identification:_identify(src) by extensions ['ignore', 'ignore_ament_install']
[0.511s] Level 1:colcon.colcon_core.package_identification:_identify(src) by extension 'ignore'
[0.511s] Level 1:colcon.colcon_core.package_identification:_identify(src) by extension 'ignore_ament_install'
[0.511s] Level 1:colcon.colcon_core.package_identification:_identify(src) by extensions ['colcon_pkg']
[0.511s] Level 1:colcon.colcon_core.package_identification:_identify(src) by extension 'colcon_pkg'
[0.511s] Level 1:colcon.colcon_core.package_identification:_identify(src) by extensions ['colcon_meta']
[0.512s] Level 1:colcon.colcon_core.package_identification:_identify(src) by extension 'colcon_meta'
[0.512s] Level 1:colcon.colcon_core.package_identification:_identify(src) by extensions ['ros']
[0.512s] Level 1:colcon.colcon_core.package_identification:_identify(src) by extension 'ros'
[0.512s] Level 1:colcon.colcon_core.package_identification:_identify(src) by extensions ['cmake', 'python']
[0.512s] Level 1:colcon.colcon_core.package_identification:_identify(src) by extension 'cmake'
[0.512s] Level 1:colcon.colcon_core.package_identification:_identify(src) by extension 'python'
[0.512s] Level 1:colcon.colcon_core.package_identification:_identify(src) by extensions ['python_setup_py']
[0.512s] Level 1:colcon.colcon_core.package_identification:_identify(src) by extension 'python_setup_py'
[0.512s] Level 1:colcon.colcon_core.package_identification:_identify(src/aruco_scan) by extensions ['ignore', 'ignore_ament_install']
[0.513s] Level 1:colcon.colcon_core.package_identification:_identify(src/aruco_scan) by extension 'ignore'
[0.513s] Level 1:colcon.colcon_core.package_identification:_identify(src/aruco_scan) by extension 'ignore_ament_install'
[0.513s] Level 1:colcon.colcon_core.package_identification:_identify(src/aruco_scan) by extensions ['colcon_pkg']
[0.513s] Level 1:colcon.colcon_core.package_identification:_identify(src/aruco_scan) by extension 'colcon_pkg'
[0.513s] Level 1:colcon.colcon_core.package_identification:_identify(src/aruco_scan) by extensions ['colcon_meta']
[0.513s] Level 1:colcon.colcon_core.package_identification:_identify(src/aruco_scan) by extension 'colcon_meta'
[0.513s] Level 1:colcon.colcon_core.package_identification:_identify(src/aruco_scan) by extensions ['ros']
[0.513s] Level 1:colcon.colcon_core.package_identification:_identify(src/aruco_scan) by extension 'ros'
[0.518s] DEBUG:colcon.colcon_core.package_identification:Package 'src/aruco_scan' with type 'ros.ament_python' and name 'aruco_scan'
[0.519s] Level 1:colcon.colcon_core.package_identification:_identify(src/camera_preprocess) by extensions ['ignore', 'ignore_ament_install']
[0.519s] Level 1:colcon.colcon_core.package_identification:_identify(src/camera_preprocess) by extension 'ignore'
[0.519s] Level 1:colcon.colcon_core.package_identification:_identify(src/camera_preprocess) by extension 'ignore_ament_install'
[0.519s] Level 1:colcon.colcon_core.package_identification:_identify(src/camera_preprocess) by extensions ['colcon_pkg']
[0.519s] Level 1:colcon.colcon_core.package_identification:_identify(src/camera_preprocess) by extension 'colcon_pkg'
[0.519s] Level 1:colcon.colcon_core.package_identification:_identify(src/camera_preprocess) by extensions ['colcon_meta']
[0.519s] Level 1:colcon.colcon_core.package_identification:_identify(src/camera_preprocess) by extension 'colcon_meta'
[0.520s] Level 1:colcon.colcon_core.package_identification:_identify(src/camera_preprocess) by extensions ['ros']
[0.520s] Level 1:colcon.colcon_core.package_identification:_identify(src/camera_preprocess) by extension 'ros'
[0.521s] DEBUG:colcon.colcon_core.package_identification:Package 'src/camera_preprocess' with type 'ros.ament_python' and name 'camera_preprocess'
[0.521s] Level 1:colcon.colcon_core.package_identification:_identify(src/tac_launch) by extensions ['ignore', 'ignore_ament_install']
[0.521s] Level 1:colcon.colcon_core.package_identification:_identify(src/tac_launch) by extension 'ignore'
[0.522s] Level 1:colcon.colcon_core.package_identification:_identify(src/tac_launch) by extension 'ignore_ament_install'
[0.522s] Level 1:colcon.colcon_core.package_identification:_identify(src/tac_launch) by extensions ['colcon_pkg']
[0.522s] Level 1:colcon.colcon_core.package_identification:_identify(src/tac_launch) by extension 'colcon_pkg'
[0.522s] Level 1:colcon.colcon_core.package_identification:_identify(src/tac_launch) by extensions ['colcon_meta']
[0.522s] Level 1:colcon.colcon_core.package_identification:_identify(src/tac_launch) by extension 'colcon_meta'
[0.522s] Level 1:colcon.colcon_core.package_identification:_identify(src/tac_launch) by extensions ['ros']
[0.522s] Level 1:colcon.colcon_core.package_identification:_identify(src/tac_launch) by extension 'ros'
[0.523s] DEBUG:colcon.colcon_core.package_identification:Package 'src/tac_launch' with type 'ros.ament_python' and name 'tac_launch'
[0.524s] Level 1:colcon.colcon_core.package_discovery:discover_packages(recursive) using defaults
[0.524s] Level 1:colcon.colcon_core.package_discovery:discover_packages(ignore) discover
[0.524s] Level 1:colcon.colcon_core.package_discovery:discover_packages(ignore) using defaults
[0.524s] Level 1:colcon.colcon_core.package_discovery:discover_packages(path) discover
[0.524s] Level 1:colcon.colcon_core.package_discovery:discover_packages(path) using defaults
[0.566s] Level 1:colcon.colcon_core.package_discovery:discover_packages(prefix_path) check parameters
[0.566s] Level 1:colcon.colcon_core.package_discovery:discover_packages(prefix_path) discover
[0.568s] Level 1:colcon.colcon_core.package_discovery:discover_packages(prefix_path) using defaults
[0.570s] Level 5:colcon.colcon_core.verb:set package 'aruco_scan' build argument 'cmake_args' from command line to 'None'
[0.570s] Level 5:colcon.colcon_core.verb:set package 'aruco_scan' build argument 'cmake_target' from command line to 'None'
[0.570s] Level 5:colcon.colcon_core.verb:set package 'aruco_scan' build argument 'cmake_target_skip_unavailable' from command line to 'False'
[0.570s] Level 5:colcon.colcon_core.verb:set package 'aruco_scan' build argument 'cmake_clean_cache' from command line to 'False'
[0.570s] Level 5:colcon.colcon_core.verb:set package 'aruco_scan' build argument 'cmake_clean_first' from command line to 'False'
[0.570s] Level 5:colcon.colcon_core.verb:set package 'aruco_scan' build argument 'cmake_force_configure' from command line to 'False'
[0.570s] Level 5:colcon.colcon_core.verb:set package 'aruco_scan' build argument 'ament_cmake_args' from command line to 'None'
[0.570s] Level 5:colcon.colcon_core.verb:set package 'aruco_scan' build argument 'catkin_cmake_args' from command line to 'None'
[0.571s] Level 5:colcon.colcon_core.verb:set package 'aruco_scan' build argument 'catkin_skip_building_tests' from command line to 'False'
[0.571s] DEBUG:colcon.colcon_core.verb:Building package 'aruco_scan' with the following arguments: {'ament_cmake_args': None, 'build_base': '/home/arshia/auv_tac/build/aruco_scan', 'catkin_cmake_args': None, 'catkin_skip_building_tests': False, 'cmake_args': None, 'cmake_clean_cache': False, 'cmake_clean_first': False, 'cmake_force_configure': False, 'cmake_target': None, 'cmake_target_skip_unavailable': False, 'install_base': '/home/arshia/auv_tac/install/aruco_scan', 'merge_install': False, 'path': '/home/arshia/auv_tac/src/aruco_scan', 'symlink_install': False, 'test_result_base': None}
[0.571s] Level 5:colcon.colcon_core.verb:set package 'camera_preprocess' build argument 'cmake_args' from command line to 'None'
[0.571s] Level 5:colcon.colcon_core.verb:set package 'camera_preprocess' build argument 'cmake_target' from command line to 'None'
[0.571s] Level 5:colcon.colcon_core.verb:set package 'camera_preprocess' build argument 'cmake_target_skip_unavailable' from command line to 'False'
[0.572s] Level 5:colcon.colcon_core.verb:set package 'camera_preprocess' build argument 'cmake_clean_cache' from command line to 'False'
[0.572s] Level 5:colcon.colcon_core.verb:set package 'camera_preprocess' build argument 'cmake_clean_first' from command line to 'False'
[0.572s] Level 5:colcon.colcon_core.verb:set package 'camera_preprocess' build argument 'cmake_force_configure' from command line to 'False'
[0.572s] Level 5:colcon.colcon_core.verb:set package 'camera_preprocess' build argument 'ament_cmake_args' from command line to 'None'
[0.572s] Level 5:colcon.colcon_core.verb:set package 'camera_preprocess' build argument 'catkin_cmake_args' from command line to 'None'
[0.572s] Level 5:colcon.colcon_core.verb:set package 'camera_preprocess' build argument 'catkin_skip_building_tests' from command line to 'False'
[0.572s] DEBUG:colcon.colcon_core.verb:Building package 'camera_preprocess' with the following arguments: {'ament_cmake_args': None, 'build_base': '/home/arshia/auv_tac/build/camera_preprocess', 'catkin_cmake_args': None, 'catkin_skip_building_tests': False, 'cmake_args': None, 'cmake_clean_cache': False, 'cmake_clean_first': False, 'cmake_force_configure': False, 'cmake_target': None, 'cmake_target_skip_unavailable': False, 'install_base': '/home/arshia/auv_tac/install/camera_preprocess', 'merge_install': False, 'path': '/home/arshia/auv_tac/src/camera_preprocess', 'symlink_install': False, 'test_result_base': None}
[0.573s] Level 5:colcon.colcon_core.verb:set package 'tac_launch' build argument 'cmake_args' from command line to 'None'
[0.573s] Level 5:colcon.colcon_core.verb:set package 'tac_launch' build argument 'cmake_target' from command line to 'None'
[0.573s] Level 5:colcon.colcon_core.verb:set package 'tac_launch' build argument 'cmake_target_skip_unavailable' from command line to 'False'
[0.573s] Level 5:colcon.colcon_core.verb:set package 'tac_launch' build argument 'cmake_clean_cache' from command line to 'False'
[0.573s] Level 5:colcon.colcon_core.verb:set package 'tac_launch' build argument 'cmake_clean_first' from command line to 'False'
[0.573s] Level 5:colcon.colcon_core.verb:set package 'tac_launch' build argument 'cmake_force_configure' from command line to 'False'
[0.573s] Level 5:colcon.colcon_core.verb:set package 'tac_launch' build argument 'ament_cmake_args' from command line to 'None'
[0.573s] Level 5:colcon.colcon_core.verb:set package 'tac_launch' build argument 'catkin_cmake_args' from command line to 'None'
[0.573s] Level 5:colcon.colcon_core.verb:set package 'tac_launch' build argument 'catkin_skip_building_tests' from command line to 'False'
[0.573s] DEBUG:colcon.colcon_core.verb:Building package 'tac_launch' with the following arguments: {'ament_cmake_args': None, 'build_base': '/home/arshia/auv_tac/build/tac_launch', 'catkin_cmake_args': None, 'catkin_skip_building_tests': False, 'cmake_args': None, 'cmake_clean_cache': False, 'cmake_clean_first': False, 'cmake_force_configure': False, 'cmake_target': None, 'cmake_target_skip_unavailable': False, 'install_base': '/home/arshia/auv_tac/install/tac_launch', 'merge_install': False, 'path': '/home/arshia/auv_tac/src/tac_launch', 'symlink_install': False, 'test_result_base': None}
[0.573s] INFO:colcon.colcon_core.executor:Executing jobs using 'parallel' executor
[0.575s] DEBUG:colcon.colcon_parallel_executor.executor.parallel:run_until_complete
[0.576s] INFO:colcon.colcon_ros.task.ament_python.build:Building ROS package in '/home/arshia/auv_tac/src/aruco_scan' with build type 'ament_python'
[0.576s] Level 1:colcon.colcon_core.shell:create_environment_hook('aruco_scan', 'ament_prefix_path')
[0.580s] INFO:colcon.colcon_core.plugin_system:Skipping extension 'colcon_core.shell.bat': Not used on non-Windows systems
[0.581s] INFO:colcon.colcon_core.shell:Creating environment hook '/home/arshia/auv_tac/install/aruco_scan/share/aruco_scan/hook/ament_prefix_path.ps1'
[0.582s] INFO:colcon.colcon_core.shell:Creating environment descriptor '/home/arshia/auv_tac/install/aruco_scan/share/aruco_scan/hook/ament_prefix_path.dsv'
[0.583s] INFO:colcon.colcon_core.shell:Creating environment hook '/home/arshia/auv_tac/install/aruco_scan/share/aruco_scan/hook/ament_prefix_path.sh'
[0.584s] INFO:colcon.colcon_core.shell:Skip shell extension 'powershell' for command environment: Not usable outside of PowerShell
[0.584s] DEBUG:colcon.colcon_core.shell:Skip shell extension 'dsv' for command environment
[0.587s] INFO:colcon.colcon_ros.task.ament_python.build:Building ROS package in '/home/arshia/auv_tac/src/camera_preprocess' with build type 'ament_python'
[0.587s] Level 1:colcon.colcon_core.shell:create_environment_hook('camera_preprocess', 'ament_prefix_path')
[0.588s] INFO:colcon.colcon_core.shell:Creating environment hook '/home/arshia/auv_tac/install/camera_preprocess/share/camera_preprocess/hook/ament_prefix_path.ps1'
[0.589s] INFO:colcon.colcon_core.shell:Creating environment descriptor '/home/arshia/auv_tac/install/camera_preprocess/share/camera_preprocess/hook/ament_prefix_path.dsv'
[0.590s] INFO:colcon.colcon_core.shell:Creating environment hook '/home/arshia/auv_tac/install/camera_preprocess/share/camera_preprocess/hook/ament_prefix_path.sh'
[0.591s] INFO:colcon.colcon_core.shell:Skip shell extension 'powershell' for command environment: Not usable outside of PowerShell
[0.591s] DEBUG:colcon.colcon_core.shell:Skip shell extension 'dsv' for command environment
[0.593s] INFO:colcon.colcon_ros.task.ament_python.build:Building ROS package in '/home/arshia/auv_tac/src/tac_launch' with build type 'ament_python'
[0.593s] Level 1:colcon.colcon_core.shell:create_environment_hook('tac_launch', 'ament_prefix_path')
[0.594s] INFO:colcon.colcon_core.shell:Creating environment hook '/home/arshia/auv_tac/install/tac_launch/share/tac_launch/hook/ament_prefix_path.ps1'
[0.595s] INFO:colcon.colcon_core.shell:Creating environment descriptor '/home/arshia/auv_tac/install/tac_launch/share/tac_launch/hook/ament_prefix_path.dsv'
[0.595s] INFO:colcon.colcon_core.shell:Creating environment hook '/home/arshia/auv_tac/install/tac_launch/share/tac_launch/hook/ament_prefix_path.sh'
[0.596s] INFO:colcon.colcon_core.shell:Skip shell extension 'powershell' for command environment: Not usable outside of PowerShell
[0.596s] DEBUG:colcon.colcon_core.shell:Skip shell extension 'dsv' for command environment
[1.017s] INFO:colcon.colcon_core.task.python.build:Building Python package in '/home/arshia/auv_tac/src/aruco_scan'
[1.017s] INFO:colcon.colcon_core.shell:Skip shell extension 'powershell' for command environment: Not usable outside of PowerShell
[1.018s] DEBUG:colcon.colcon_core.shell:Skip shell extension 'dsv' for command environment
[1.447s] INFO:colcon.colcon_core.task.python.build:Building Python package in '/home/arshia/auv_tac/src/camera_preprocess'
[1.447s] INFO:colcon.colcon_core.shell:Skip shell extension 'powershell' for command environment: Not usable outside of PowerShell
[1.448s] DEBUG:colcon.colcon_core.shell:Skip shell extension 'dsv' for command environment
[1.878s] INFO:colcon.colcon_core.task.python.build:Building Python package in '/home/arshia/auv_tac/src/tac_launch'
[1.878s] INFO:colcon.colcon_core.shell:Skip shell extension 'powershell' for command environment: Not usable outside of PowerShell
[1.878s] DEBUG:colcon.colcon_core.shell:Skip shell extension 'dsv' for command environment
[2.504s] DEBUG:colcon.colcon_core.event_handler.log_command:Invoking command in '/home/arshia/auv_tac/src/aruco_scan': PYTHONPATH=/home/arshia/auv_tac/build/aruco_scan/prefix_override:/usr/lib/python3/dist-packages/colcon_core/task/python/colcon_distutils_commands:/home/arshia/auv_tac/install/aruco_scan/lib/python3.10/site-packages: /usr/bin/python3 -W ignore:setup.py install is deprecated -W ignore:easy_install command is deprecated setup.py egg_info --egg-base ../../build/aruco_scan build --build-base /home/arshia/auv_tac/build/aruco_scan/build install --record /home/arshia/auv_tac/build/aruco_scan/install.log --single-version-externally-managed install_data
[2.528s] DEBUG:colcon.colcon_core.event_handler.log_command:Invoking command in '/home/arshia/auv_tac/src/camera_preprocess': PYTHONPATH=/home/arshia/auv_tac/build/camera_preprocess/prefix_override:/usr/lib/python3/dist-packages/colcon_core/task/python/colcon_distutils_commands:/home/arshia/auv_tac/install/camera_preprocess/lib/python3.10/site-packages: /usr/bin/python3 -W ignore:setup.py install is deprecated -W ignore:easy_install command is deprecated setup.py egg_info --egg-base ../../build/camera_preprocess build --build-base /home/arshia/auv_tac/build/camera_preprocess/build install --record /home/arshia/auv_tac/build/camera_preprocess/install.log --single-version-externally-managed install_data
[2.543s] DEBUG:colcon.colcon_core.event_handler.log_command:Invoking command in '/home/arshia/auv_tac/src/tac_launch': PYTHONPATH=/home/arshia/auv_tac/build/tac_launch/prefix_override:/usr/lib/python3/dist-packages/colcon_core/task/python/colcon_distutils_commands:/home/arshia/auv_tac/install/tac_launch/lib/python3.10/site-packages: /usr/bin/python3 -W ignore:setup.py install is deprecated -W ignore:easy_install command is deprecated setup.py egg_info --egg-base ../../build/tac_launch build --build-base /home/arshia/auv_tac/build/tac_launch/build install --record /home/arshia/auv_tac/build/tac_launch/install.log --single-version-externally-managed install_data
[3.002s] DEBUG:colcon.colcon_core.event_handler.log_command:Invoked command in '/home/arshia/auv_tac/src/aruco_scan' returned '0': PYTHONPATH=/home/arshia/auv_tac/build/aruco_scan/prefix_override:/usr/lib/python3/dist-packages/colcon_core/task/python/colcon_distutils_commands:/home/arshia/auv_tac/install/aruco_scan/lib/python3.10/site-packages: /usr/bin/python3 -W ignore:setup.py install is deprecated -W ignore:easy_install command is deprecated setup.py egg_info --egg-base ../../build/aruco_scan build --build-base /home/arshia/auv_tac/build/aruco_scan/build install --record /home/arshia/auv_tac/build/aruco_scan/install.log --single-version-externally-managed install_data
[3.005s] Level 1:colcon.colcon_core.environment:checking '/home/arshia/auv_tac/install/aruco_scan' for CMake module files
[3.006s] Level 1:colcon.colcon_core.environment:checking '/home/arshia/auv_tac/install/aruco_scan' for CMake config files
[3.006s] Level 1:colcon.colcon_core.shell:create_environment_hook('aruco_scan', 'cmake_prefix_path')
[3.007s] INFO:colcon.colcon_core.shell:Creating environment hook '/home/arshia/auv_tac/install/aruco_scan/share/aruco_scan/hook/cmake_prefix_path.ps1'
[3.007s] INFO:colcon.colcon_core.shell:Creating environment descriptor '/home/arshia/auv_tac/install/aruco_scan/share/aruco_scan/hook/cmake_prefix_path.dsv'
[3.008s] INFO:colcon.colcon_core.shell:Creating environment hook '/home/arshia/auv_tac/install/aruco_scan/share/aruco_scan/hook/cmake_prefix_path.sh'
[3.008s] Level 1:colcon.colcon_core.environment:checking '/home/arshia/auv_tac/install/aruco_scan/lib'
[3.009s] Level 1:colcon.colcon_core.environment:checking '/home/arshia/auv_tac/install/aruco_scan/bin'
[3.009s] Level 1:colcon.colcon_core.environment:checking '/home/arshia/auv_tac/install/aruco_scan/lib/pkgconfig/aruco_scan.pc'
[3.009s] Level 1:colcon.colcon_core.environment:checking '/home/arshia/auv_tac/install/aruco_scan/lib/python3.10/site-packages'
[3.009s] Level 1:colcon.colcon_core.shell:create_environment_hook('aruco_scan', 'pythonpath')
[3.009s] INFO:colcon.colcon_core.shell:Creating environment hook '/home/arshia/auv_tac/install/aruco_scan/share/aruco_scan/hook/pythonpath.ps1'
[3.010s] INFO:colcon.colcon_core.shell:Creating environment descriptor '/home/arshia/auv_tac/install/aruco_scan/share/aruco_scan/hook/pythonpath.dsv'
[3.011s] INFO:colcon.colcon_core.shell:Creating environment hook '/home/arshia/auv_tac/install/aruco_scan/share/aruco_scan/hook/pythonpath.sh'
[3.012s] Level 1:colcon.colcon_core.environment:checking '/home/arshia/auv_tac/install/aruco_scan/bin'
[3.012s] Level 1:colcon.colcon_core.environment:create_environment_scripts_only(aruco_scan)
[3.012s] INFO:colcon.colcon_core.shell:Creating package script '/home/arshia/auv_tac/install/aruco_scan/share/aruco_scan/package.ps1'
[3.013s] INFO:colcon.colcon_core.shell:Creating package descriptor '/home/arshia/auv_tac/install/aruco_scan/share/aruco_scan/package.dsv'
[3.014s] INFO:colcon.colcon_core.shell:Creating package script '/home/arshia/auv_tac/install/aruco_scan/share/aruco_scan/package.sh'
[3.016s] INFO:colcon.colcon_core.shell:Creating package script '/home/arshia/auv_tac/install/aruco_scan/share/aruco_scan/package.bash'
[3.016s] INFO:colcon.colcon_core.shell:Creating package script '/home/arshia/auv_tac/install/aruco_scan/share/aruco_scan/package.zsh'
[3.017s] Level 1:colcon.colcon_core.environment:create_file_with_runtime_dependencies(/home/arshia/auv_tac/install/aruco_scan/share/colcon-core/packages/aruco_scan)
[3.036s] Level 1:colcon.colcon_core.environment:checking '/home/arshia/auv_tac/install/camera_preprocess' for CMake module files
[3.037s] DEBUG:colcon.colcon_core.event_handler.log_command:Invoked command in '/home/arshia/auv_tac/src/camera_preprocess' returned '0': PYTHONPATH=/home/arshia/auv_tac/build/camera_preprocess/prefix_override:/usr/lib/python3/dist-packages/colcon_core/task/python/colcon_distutils_commands:/home/arshia/auv_tac/install/camera_preprocess/lib/python3.10/site-packages: /usr/bin/python3 -W ignore:setup.py install is deprecated -W ignore:easy_install command is deprecated setup.py egg_info --egg-base ../../build/camera_preprocess build --build-base /home/arshia/auv_tac/build/camera_preprocess/build install --record /home/arshia/auv_tac/build/camera_preprocess/install.log --single-version-externally-managed install_data
[3.038s] Level 1:colcon.colcon_core.environment:checking '/home/arshia/auv_tac/install/camera_preprocess' for CMake config files
[3.039s] Level 1:colcon.colcon_core.environment:checking '/home/arshia/auv_tac/install/camera_preprocess/lib'
[3.039s] Level 1:colcon.colcon_core.environment:checking '/home/arshia/auv_tac/install/camera_preprocess/bin'
[3.040s] Level 1:colcon.colcon_core.environment:checking '/home/arshia/auv_tac/install/camera_preprocess/lib/pkgconfig/camera_preprocess.pc'
[3.040s] Level 1:colcon.colcon_core.environment:checking '/home/arshia/auv_tac/install/camera_preprocess/lib/python3.10/site-packages'
[3.040s] Level 1:colcon.colcon_core.shell:create_environment_hook('camera_preprocess', 'pythonpath')
[3.041s] INFO:colcon.colcon_core.shell:Creating environment hook '/home/arshia/auv_tac/install/camera_preprocess/share/camera_preprocess/hook/pythonpath.ps1'
[3.042s] INFO:colcon.colcon_core.shell:Creating environment descriptor '/home/arshia/auv_tac/install/camera_preprocess/share/camera_preprocess/hook/pythonpath.dsv'
[3.042s] INFO:colcon.colcon_core.shell:Creating environment hook '/home/arshia/auv_tac/install/camera_preprocess/share/camera_preprocess/hook/pythonpath.sh'
[3.044s] Level 1:colcon.colcon_core.environment:checking '/home/arshia/auv_tac/install/camera_preprocess/bin'
[3.044s] Level 1:colcon.colcon_core.environment:create_environment_scripts_only(camera_preprocess)
[3.045s] INFO:colcon.colcon_core.shell:Creating package script '/home/arshia/auv_tac/install/camera_preprocess/share/camera_preprocess/package.ps1'
[3.046s] INFO:colcon.colcon_core.shell:Creating package descriptor '/home/arshia/auv_tac/install/camera_preprocess/share/camera_preprocess/package.dsv'
[3.046s] INFO:colcon.colcon_core.shell:Creating package script '/home/arshia/auv_tac/install/camera_preprocess/share/camera_preprocess/package.sh'
[3.047s] INFO:colcon.colcon_core.shell:Creating package script '/home/arshia/auv_tac/install/camera_preprocess/share/camera_preprocess/package.bash'
[3.047s] INFO:colcon.colcon_core.shell:Creating package script '/home/arshia/auv_tac/install/camera_preprocess/share/camera_preprocess/package.zsh'
[3.048s] Level 1:colcon.colcon_core.environment:create_file_with_runtime_dependencies(/home/arshia/auv_tac/install/camera_preprocess/share/colcon-core/packages/camera_preprocess)
[3.052s] Level 1:colcon.colcon_core.environment:checking '/home/arshia/auv_tac/install/tac_launch' for CMake module files
[3.053s] DEBUG:colcon.colcon_core.event_handler.log_command:Invoked command in '/home/arshia/auv_tac/src/tac_launch' returned '0': PYTHONPATH=/home/arshia/auv_tac/build/tac_launch/prefix_override:/usr/lib/python3/dist-packages/colcon_core/task/python/colcon_distutils_commands:/home/arshia/auv_tac/install/tac_launch/lib/python3.10/site-packages: /usr/bin/python3 -W ignore:setup.py install is deprecated -W ignore:easy_install command is deprecated setup.py egg_info --egg-base ../../build/tac_launch build --build-base /home/arshia/auv_tac/build/tac_launch/build install --record /home/arshia/auv_tac/build/tac_launch/install.log --single-version-externally-managed install_data
[3.054s] Level 1:colcon.colcon_core.environment:checking '/home/arshia/auv_tac/install/tac_launch' for CMake config files
[3.055s] Level 1:colcon.colcon_core.shell:create_environment_hook('tac_launch', 'cmake_prefix_path')
[3.055s] INFO:colcon.colcon_core.shell:Creating environment hook '/home/arshia/auv_tac/install/tac_launch/share/tac_launch/hook/cmake_prefix_path.ps1'
[3.056s] INFO:colcon.colcon_core.shell:Creating environment descriptor '/home/arshia/auv_tac/install/tac_launch/share/tac_launch/hook/cmake_prefix_path.dsv'
[3.057s] INFO:colcon.colcon_core.shell:Creating environment hook '/home/arshia/auv_tac/install/tac_launch/share/tac_launch/hook/cmake_prefix_path.sh'
[3.058s] Level 1:colcon.colcon_core.environment:checking '/home/arshia/auv_tac/install/tac_launch/lib'
[3.058s] Level 1:colcon.colcon_core.environment:checking '/home/arshia/auv_tac/install/tac_launch/bin'
[3.058s] Level 1:colcon.colcon_core.environment:checking '/home/arshia/auv_tac/install/tac_launch/lib/pkgconfig/tac_launch.pc'
[3.059s] Level 1:colcon.colcon_core.environment:checking '/home/arshia/auv_tac/install/tac_launch/lib/python3.10/site-packages'
[3.059s] Level 1:colcon.colcon_core.shell:create_environment_hook('tac_launch', 'pythonpath')
[3.059s] INFO:colcon.colcon_core.shell:Creating environment hook '/home/arshia/auv_tac/install/tac_launch/share/tac_launch/hook/pythonpath.ps1'
[3.060s] INFO:colcon.colcon_core.shell:Creating environment descriptor '/home/arshia/auv_tac/install/tac_launch/share/tac_launch/hook/pythonpath.dsv'
[3.061s] INFO:colcon.colcon_core.shell:Creating environment hook '/home/arshia/auv_tac/install/tac_launch/share/tac_launch/hook/pythonpath.sh'
[3.062s] Level 1:colcon.colcon_core.environment:checking '/home/arshia/auv_tac/install/tac_launch/bin'
[3.062s] Level 1:colcon.colcon_core.environment:create_environment_scripts_only(tac_launch)
[3.063s] INFO:colcon.colcon_core.shell:Creating package script '/home/arshia/auv_tac/install/tac_launch/share/tac_launch/package.ps1'
[3.064s] INFO:colcon.colcon_core.shell:Creating package descriptor '/home/arshia/auv_tac/install/tac_launch/share/tac_launch/package.dsv'
[3.065s] INFO:colcon.colcon_core.shell:Creating package script '/home/arshia/auv_tac/install/tac_launch/share/tac_launch/package.sh'
[3.066s] INFO:colcon.colcon_core.shell:Creating package script '/home/arshia/auv_tac/install/tac_launch/share/tac_launch/package.bash'
[3.067s] INFO:colcon.colcon_core.shell:Creating package script '/home/arshia/auv_tac/install/tac_launch/share/tac_launch/package.zsh'
[3.067s] Level 1:colcon.colcon_core.environment:create_file_with_runtime_dependencies(/home/arshia/auv_tac/install/tac_launch/share/colcon-core/packages/tac_launch)
[3.068s] DEBUG:colcon.colcon_parallel_executor.executor.parallel:closing loop
[3.068s] DEBUG:colcon.colcon_parallel_executor.executor.parallel:loop closed
[3.068s] DEBUG:colcon.colcon_parallel_executor.executor.parallel:run_until_complete finished with '0'
[3.068s] DEBUG:colcon.colcon_core.event_reactor:joining thread
[3.075s] INFO:colcon.colcon_core.plugin_system:Skipping extension 'colcon_notification.desktop_notification.terminal_notifier': Not used on non-Darwin systems
[3.075s] INFO:colcon.colcon_core.plugin_system:Skipping extension 'colcon_notification.desktop_notification.win32': Not used on non-Windows systems
[3.075s] INFO:colcon.colcon_notification.desktop_notification:Sending desktop notification using 'notify2'
[3.089s] DEBUG:colcon.colcon_core.event_reactor:joined thread
[3.089s] INFO:colcon.colcon_core.shell:Creating prefix script '/home/arshia/auv_tac/install/local_setup.ps1'
[3.091s] INFO:colcon.colcon_core.shell:Creating prefix util module '/home/arshia/auv_tac/install/_local_setup_util_ps1.py'
[3.092s] INFO:colcon.colcon_core.shell:Creating prefix chain script '/home/arshia/auv_tac/install/setup.ps1'
[3.093s] INFO:colcon.colcon_core.shell:Creating prefix script '/home/arshia/auv_tac/install/local_setup.sh'
[3.094s] INFO:colcon.colcon_core.shell:Creating prefix util module '/home/arshia/auv_tac/install/_local_setup_util_sh.py'
[3.095s] INFO:colcon.colcon_core.shell:Creating prefix chain script '/home/arshia/auv_tac/install/setup.sh'
[3.096s] INFO:colcon.colcon_core.shell:Creating prefix script '/home/arshia/auv_tac/install/local_setup.bash'
[3.110s] INFO:colcon.colcon_core.shell:Creating prefix chain script '/home/arshia/auv_tac/install/setup.bash'
[3.111s] INFO:colcon.colcon_core.shell:Creating prefix script '/home/arshia/auv_tac/install/local_setup.zsh'
[3.112s] INFO:colcon.colcon_core.shell:Creating prefix chain script '/home/arshia/auv_tac/install/setup.zsh'
