[1.927s] Invoking command in '/home/arshia/auv_tac/src/aruco_scan': PYTHONPATH=/home/arshia/auv_tac/build/aruco_scan/prefix_override:/usr/lib/python3/dist-packages/colcon_core/task/python/colcon_distutils_commands:/home/arshia/auv_tac/install/aruco_scan/lib/python3.10/site-packages: /usr/bin/python3 -W ignore:setup.py install is deprecated -W ignore:easy_install command is deprecated setup.py egg_info --egg-base ../../build/aruco_scan build --build-base /home/arshia/auv_tac/build/aruco_scan/build install --record /home/arshia/auv_tac/build/aruco_scan/install.log --single-version-externally-managed install_data
[2.321s] running egg_info
[2.322s] writing ../../build/aruco_scan/aruco_scan.egg-info/PKG-INFO
[2.322s] writing dependency_links to ../../build/aruco_scan/aruco_scan.egg-info/dependency_links.txt
[2.323s] writing entry points to ../../build/aruco_scan/aruco_scan.egg-info/entry_points.txt
[2.323s] writing requirements to ../../build/aruco_scan/aruco_scan.egg-info/requires.txt
[2.324s] writing top-level names to ../../build/aruco_scan/aruco_scan.egg-info/top_level.txt
[2.327s] reading manifest file '../../build/aruco_scan/aruco_scan.egg-info/SOURCES.txt'
[2.328s] writing manifest file '../../build/aruco_scan/aruco_scan.egg-info/SOURCES.txt'
[2.329s] running build
[2.329s] running build_py
[2.329s] running install
[2.330s] running install_lib
[2.332s] running install_data
[2.333s] running install_egg_info
[2.336s] removing '/home/arshia/auv_tac/install/aruco_scan/lib/python3.10/site-packages/aruco_scan-0.0.0-py3.10.egg-info' (and everything under it)
[2.336s] Copying ../../build/aruco_scan/aruco_scan.egg-info to /home/arshia/auv_tac/install/aruco_scan/lib/python3.10/site-packages/aruco_scan-0.0.0-py3.10.egg-info
[2.339s] running install_scripts
[2.381s] Installing aruco_scan script to /home/arshia/auv_tac/install/aruco_scan/lib/aruco_scan
[2.381s] writing list of installed files to '/home/arshia/auv_tac/build/aruco_scan/install.log'
[2.425s] Invoked command in '/home/arshia/auv_tac/src/aruco_scan' returned '0': PYTHONPATH=/home/arshia/auv_tac/build/aruco_scan/prefix_override:/usr/lib/python3/dist-packages/colcon_core/task/python/colcon_distutils_commands:/home/arshia/auv_tac/install/aruco_scan/lib/python3.10/site-packages: /usr/bin/python3 -W ignore:setup.py install is deprecated -W ignore:easy_install command is deprecated setup.py egg_info --egg-base ../../build/aruco_scan build --build-base /home/arshia/auv_tac/build/aruco_scan/build install --record /home/arshia/auv_tac/build/aruco_scan/install.log --single-version-externally-managed install_data
