[1.939s] Invoking command in '/home/arshia/auv_tac/src/camera_preprocess': PYTHONPATH=/home/arshia/auv_tac/build/camera_preprocess/prefix_override:/usr/lib/python3/dist-packages/colcon_core/task/python/colcon_distutils_commands:/home/arshia/auv_tac/install/camera_preprocess/lib/python3.10/site-packages: /usr/bin/python3 -W ignore:setup.py install is deprecated -W ignore:easy_install command is deprecated setup.py egg_info --egg-base ../../build/camera_preprocess build --build-base /home/arshia/auv_tac/build/camera_preprocess/build install --record /home/arshia/auv_tac/build/camera_preprocess/install.log --single-version-externally-managed install_data
[2.344s] running egg_info
[2.345s] writing ../../build/camera_preprocess/camera_preprocess.egg-info/PKG-INFO
[2.345s] writing dependency_links to ../../build/camera_preprocess/camera_preprocess.egg-info/dependency_links.txt
[2.346s] writing entry points to ../../build/camera_preprocess/camera_preprocess.egg-info/entry_points.txt
[2.346s] writing requirements to ../../build/camera_preprocess/camera_preprocess.egg-info/requires.txt
[2.346s] writing top-level names to ../../build/camera_preprocess/camera_preprocess.egg-info/top_level.txt
[2.349s] reading manifest file '../../build/camera_preprocess/camera_preprocess.egg-info/SOURCES.txt'
[2.351s] writing manifest file '../../build/camera_preprocess/camera_preprocess.egg-info/SOURCES.txt'
[2.352s] running build
[2.352s] running build_py
[2.352s] running install
[2.353s] running install_lib
[2.355s] running install_data
[2.355s] running install_egg_info
[2.358s] removing '/home/arshia/auv_tac/install/camera_preprocess/lib/python3.10/site-packages/camera_preprocess-0.0.0-py3.10.egg-info' (and everything under it)
[2.359s] Copying ../../build/camera_preprocess/camera_preprocess.egg-info to /home/arshia/auv_tac/install/camera_preprocess/lib/python3.10/site-packages/camera_preprocess-0.0.0-py3.10.egg-info
[2.361s] running install_scripts
[2.403s] Installing camera_preprocess script to /home/arshia/auv_tac/install/camera_preprocess/lib/camera_preprocess
[2.404s] writing list of installed files to '/home/arshia/auv_tac/build/camera_preprocess/install.log'
[2.449s] Invoked command in '/home/arshia/auv_tac/src/camera_preprocess' returned '0': PYTHONPATH=/home/arshia/auv_tac/build/camera_preprocess/prefix_override:/usr/lib/python3/dist-packages/colcon_core/task/python/colcon_distutils_commands:/home/arshia/auv_tac/install/camera_preprocess/lib/python3.10/site-packages: /usr/bin/python3 -W ignore:setup.py install is deprecated -W ignore:easy_install command is deprecated setup.py egg_info --egg-base ../../build/camera_preprocess build --build-base /home/arshia/auv_tac/build/camera_preprocess/build install --record /home/arshia/auv_tac/build/camera_preprocess/install.log --single-version-externally-managed install_data
