running egg_info
writing ../../build/camera_preprocess/camera_preprocess.egg-info/PKG-INFO
writing dependency_links to ../../build/camera_preprocess/camera_preprocess.egg-info/dependency_links.txt
writing entry points to ../../build/camera_preprocess/camera_preprocess.egg-info/entry_points.txt
writing requirements to ../../build/camera_preprocess/camera_preprocess.egg-info/requires.txt
writing top-level names to ../../build/camera_preprocess/camera_preprocess.egg-info/top_level.txt
reading manifest file '../../build/camera_preprocess/camera_preprocess.egg-info/SOURCES.txt'
writing manifest file '../../build/camera_preprocess/camera_preprocess.egg-info/SOURCES.txt'
running build
running build_py
copying camera_preprocess/camera_preprocess.py -> /home/arshia/auv_tac/build/camera_preprocess/build/lib/camera_preprocess
running install
running install_lib
copying /home/arshia/auv_tac/build/camera_preprocess/build/lib/camera_preprocess/camera_preprocess.py -> /home/arshia/auv_tac/install/camera_preprocess/lib/python3.10/site-packages/camera_preprocess
byte-compiling /home/arshia/auv_tac/install/camera_preprocess/lib/python3.10/site-packages/camera_preprocess/camera_preprocess.py to camera_preprocess.cpython-310.pyc
running install_data
running install_egg_info
removing '/home/arshia/auv_tac/install/camera_preprocess/lib/python3.10/site-packages/camera_preprocess-0.0.0-py3.10.egg-info' (and everything under it)
Copying ../../build/camera_preprocess/camera_preprocess.egg-info to /home/arshia/auv_tac/install/camera_preprocess/lib/python3.10/site-packages/camera_preprocess-0.0.0-py3.10.egg-info
running install_scripts
Installing preprocess_node script to /home/arshia/auv_tac/install/camera_preprocess/lib/camera_preprocess
writing list of installed files to '/home/arshia/auv_tac/build/camera_preprocess/install.log'
