[0.696s] Invoking command in '/home/arshia/auv_tac/src/camera_preprocess': PYTHONPATH=/home/arshia/auv_tac/build/camera_preprocess/prefix_override:/usr/lib/python3/dist-packages/colcon_core/task/python/colcon_distutils_commands:/home/arshia/auv_tac/install/camera_preprocess/lib/python3.10/site-packages:${PYTHONPATH} /usr/bin/python3 -W ignore:setup.py install is deprecated -W ignore:easy_install command is deprecated setup.py egg_info --egg-base ../../build/camera_preprocess build --build-base /home/arshia/auv_tac/build/camera_preprocess/build install --record /home/arshia/auv_tac/build/camera_preprocess/install.log --single-version-externally-managed install_data
[0.880s] running egg_info
[0.881s] writing ../../build/camera_preprocess/camera_preprocess.egg-info/PKG-INFO
[0.881s] writing dependency_links to ../../build/camera_preprocess/camera_preprocess.egg-info/dependency_links.txt
[0.881s] writing entry points to ../../build/camera_preprocess/camera_preprocess.egg-info/entry_points.txt
[0.881s] writing requirements to ../../build/camera_preprocess/camera_preprocess.egg-info/requires.txt
[0.881s] writing top-level names to ../../build/camera_preprocess/camera_preprocess.egg-info/top_level.txt
[0.883s] reading manifest file '../../build/camera_preprocess/camera_preprocess.egg-info/SOURCES.txt'
[0.883s] writing manifest file '../../build/camera_preprocess/camera_preprocess.egg-info/SOURCES.txt'
[0.883s] running build
[0.883s] running build_py
[0.884s] copying camera_preprocess/camera_preprocess.py -> /home/arshia/auv_tac/build/camera_preprocess/build/lib/camera_preprocess
[0.884s] running install
[0.884s] running install_lib
[0.884s] copying /home/arshia/auv_tac/build/camera_preprocess/build/lib/camera_preprocess/camera_preprocess.py -> /home/arshia/auv_tac/install/camera_preprocess/lib/python3.10/site-packages/camera_preprocess
[0.885s] byte-compiling /home/arshia/auv_tac/install/camera_preprocess/lib/python3.10/site-packages/camera_preprocess/camera_preprocess.py to camera_preprocess.cpython-310.pyc
[0.885s] running install_data
[0.885s] running install_egg_info
[0.887s] removing '/home/arshia/auv_tac/install/camera_preprocess/lib/python3.10/site-packages/camera_preprocess-0.0.0-py3.10.egg-info' (and everything under it)
[0.887s] Copying ../../build/camera_preprocess/camera_preprocess.egg-info to /home/arshia/auv_tac/install/camera_preprocess/lib/python3.10/site-packages/camera_preprocess-0.0.0-py3.10.egg-info
[0.887s] running install_scripts
[0.902s] Installing preprocess_node script to /home/arshia/auv_tac/install/camera_preprocess/lib/camera_preprocess
[0.903s] writing list of installed files to '/home/arshia/auv_tac/build/camera_preprocess/install.log'
[0.940s] Invoked command in '/home/arshia/auv_tac/src/camera_preprocess' returned '0': PYTHONPATH=/home/arshia/auv_tac/build/camera_preprocess/prefix_override:/usr/lib/python3/dist-packages/colcon_core/task/python/colcon_distutils_commands:/home/arshia/auv_tac/install/camera_preprocess/lib/python3.10/site-packages:${PYTHONPATH} /usr/bin/python3 -W ignore:setup.py install is deprecated -W ignore:easy_install command is deprecated setup.py egg_info --egg-base ../../build/camera_preprocess build --build-base /home/arshia/auv_tac/build/camera_preprocess/build install --record /home/arshia/auv_tac/build/camera_preprocess/install.log --single-version-externally-managed install_data
