[2.482s] Invoking command in '/home/arshia/auv_tac/src/camera_preprocess': PYTHONPATH=/home/arshia/auv_tac/build/camera_preprocess/prefix_override:/usr/lib/python3/dist-packages/colcon_core/task/python/colcon_distutils_commands:/home/arshia/auv_tac/install/camera_preprocess/lib/python3.10/site-packages:${PYTHONPATH} /usr/bin/python3 -W ignore:setup.py install is deprecated -W ignore:easy_install command is deprecated setup.py egg_info --egg-base ../../build/camera_preprocess build --build-base /home/arshia/auv_tac/build/camera_preprocess/build install --record /home/arshia/auv_tac/build/camera_preprocess/install.log --single-version-externally-managed install_data
[3.025s] running egg_info
[3.026s] writing ../../build/camera_preprocess/camera_preprocess.egg-info/PKG-INFO
[3.027s] writing dependency_links to ../../build/camera_preprocess/camera_preprocess.egg-info/dependency_links.txt
[3.027s] writing entry points to ../../build/camera_preprocess/camera_preprocess.egg-info/entry_points.txt
[3.027s] writing requirements to ../../build/camera_preprocess/camera_preprocess.egg-info/requires.txt
[3.028s] writing top-level names to ../../build/camera_preprocess/camera_preprocess.egg-info/top_level.txt
[3.031s] reading manifest file '../../build/camera_preprocess/camera_preprocess.egg-info/SOURCES.txt'
[3.033s] writing manifest file '../../build/camera_preprocess/camera_preprocess.egg-info/SOURCES.txt'
[3.033s] running build
[3.033s] running build_py
[3.034s] running install
[3.034s] running install_lib
[3.037s] running install_data
[3.037s] running install_egg_info
[3.040s] removing '/home/arshia/auv_tac/install/camera_preprocess/lib/python3.10/site-packages/camera_preprocess-0.0.0-py3.10.egg-info' (and everything under it)
[3.041s] Copying ../../build/camera_preprocess/camera_preprocess.egg-info to /home/arshia/auv_tac/install/camera_preprocess/lib/python3.10/site-packages/camera_preprocess-0.0.0-py3.10.egg-info
[3.043s] running install_scripts
[3.085s] Installing camera_preprocess script to /home/arshia/auv_tac/install/camera_preprocess/lib/camera_preprocess
[3.086s] writing list of installed files to '/home/arshia/auv_tac/build/camera_preprocess/install.log'
[3.129s] Invoked command in '/home/arshia/auv_tac/src/camera_preprocess' returned '0': PYTHONPATH=/home/arshia/auv_tac/build/camera_preprocess/prefix_override:/usr/lib/python3/dist-packages/colcon_core/task/python/colcon_distutils_commands:/home/arshia/auv_tac/install/camera_preprocess/lib/python3.10/site-packages:${PYTHONPATH} /usr/bin/python3 -W ignore:setup.py install is deprecated -W ignore:easy_install command is deprecated setup.py egg_info --egg-base ../../build/camera_preprocess build --build-base /home/arshia/auv_tac/build/camera_preprocess/build install --record /home/arshia/auv_tac/build/camera_preprocess/install.log --single-version-externally-managed install_data
